-------------------------------------------------
Name: supportuser
Log Start: 2024-11-12T12:29:01.270801600
Java Version: 23.0.1
Operating System: Windows 11
System Name: DESKTOP-KR6B0UD
-------------------------------------------------

-------------------------------------------------
Log End: 2024-11-12T12:29:09.219967800
-------------------------------------------------

-------------------------------------------------
Name: supportuser
Log Start: 2024-11-12T12:29:17.883020500
Java Version: 23.0.1
Operating System: Windows 11
System Name: DESKTOP-KR6B0UD
-------------------------------------------------

-------------------------------------------------
Log End: 2024-11-12T12:30:24.042447200
-------------------------------------------------

-------------------------------------------------
Name: supportuser
Log Start: 2024-11-12T12:45:22.762145100
Java Version: 23.0.1
Operating System: Windows 11
System Name: DESKTOP-KR6B0UD
-------------------------------------------------

-------------------------------------------------
Log End: 2024-11-12T12:46:29.195984100
-------------------------------------------------

-------------------------------------------------
Name: supportuser
Log Start: 2024-11-12T12:48:46.941629
Java Version: 23.0.1
Operating System: Windows 11
System Name: DESKTOP-KR6B0UD
-------------------------------------------------

-------------------------------------------------
Log End: 2024-11-12T12:49:53.467311600
-------------------------------------------------

-------------------------------------------------
Name: supportuser
Log Start: 2024-11-12T12:51:05.725512200
Java Version: 23.0.1
Operating System: Windows 11
System Name: DESKTOP-KR6B0UD
-------------------------------------------------

-------------------------------------------------
Log End: 2024-11-12T12:52:12.618776900
-------------------------------------------------

-------------------------------------------------
Name: supportuser
Log Start: 2024-11-12T12:55:46.046075400
Java Version: 23.0.1
Operating System: Windows 11
System Name: DESKTOP-KR6B0UD
-------------------------------------------------

-------------------------------------------------
Log End: 2024-11-12T12:56:52.524455300
-------------------------------------------------

-------------------------------------------------
Name: supportuser
Log Start: 2024-11-12T13:06:22.858480
Java Version: 23.0.1
Operating System: Windows 11
System Name: DESKTOP-KR6B0UD
-------------------------------------------------

-------------------------------------------------
Log End: 2024-11-12T13:07:29.778768200
-------------------------------------------------

-------------------------------------------------
Name: supportuser
Log Start: 2024-11-12T13:10:02.445230400
Java Version: 23.0.1
Operating System: Windows 11
System Name: DESKTOP-KR6B0UD
-------------------------------------------------

-------------------------------------------------
Log End: 2024-11-12T13:11:09.695583100
-------------------------------------------------

-------------------------------------------------
Name: supportuser
Log Start: 2024-11-12T13:14:13.890052
Java Version: 23.0.1
Operating System: Windows 11
System Name: DESKTOP-KR6B0UD
-------------------------------------------------

-------------------------------------------------
Log End: 2024-11-12T13:15:20.961908600
-------------------------------------------------

