-------------------------------------------------
Name: supportuser2
Log Start: 2024-11-01T14:56:12.418715200
Java Version: 23.0.1
Operating System: Windows 11
System Name: DESKTOP-KR6B0UD
-------------------------------------------------

-------------------------------------------------
Log End: 2024-11-01T14:56:17.758652200
-------------------------------------------------

-------------------------------------------------
Name: supportuser2
Log Start: 2024-11-01T14:56:26.614144400
Java Version: 23.0.1
Operating System: Windows 11
System Name: DESKTOP-KR6B0UD
-------------------------------------------------

2024-11-01 14:56:28.287 [main] INFO  BaseTest:27 - Attempting to log in with provided credentials.
2024-11-01 14:56:28.291 [main] INFO  LoginPage:29 - Waiting for username field to be visible
2024-11-01 14:56:36.865 [main] INFO  LoginPage:31 - Username field is now visible
2024-11-01 14:56:37.028 [main] INFO  LoginPage:35 - Username inserted successfully
2024-11-01 14:56:37.144 [main] INFO  LoginPage:39 - Password inserted successfully
2024-11-01 14:56:37.616 [main] INFO  LoginPage:43 - Login button clicked
2024-11-01 14:56:44.995 [main] INFO  LoginPage:48 - Signed in successfully, redirected to dashboard.
2024-11-01 14:56:44.997 [main] INFO  BaseTest:29 - Login successful.
2024-11-01 14:56:49.025 [main] INFO  MenuIcon:27 - Waiting for menu icon to appear
2024-11-01 14:56:49.201 [main] INFO  MenuIcon:29 - Menu icon clicked
2024-11-01 14:56:49.203 [main] INFO  BaseTest:43 - Clicked on menu icon.
2024-11-01 14:56:53.353 [main] INFO  CentralSetUp:32 - CRS RCY menu clicked
2024-11-01 14:57:03.755 [main] INFO  CentralSetUp:47 - Switched to new tab. The title of the new tab is: CruisePAL CRS
2024-11-01 14:57:03.756 [main] INFO  BaseTest:58 - Clicked on 'CRS RCY' to open a new tab.
2024-11-01 14:57:03.757 [main] INFO  BaseTest:59 - Switched to the new tab successfully.
2024-11-01 14:58:07.734 [main] INFO  Agency:47 - Overlay disappeared.
2024-11-01 14:58:07.735 [main] INFO  BaseTest:73 - Waiting for the overlay to end
2024-11-01 14:58:10.736 [main] INFO  Agency:57 - Clicking on Agencies field.
2024-11-01 14:58:10.897 [main] INFO  Agency:60 - Agencies field clicked successfully.
2024-11-01 14:58:10.897 [main] INFO  BaseTest:82 - Clicked on Agency option.
2024-11-01 14:58:12.900 [main] INFO  Agency:75 - Extracting total agents and retrieving agent names.
2024-11-01 14:58:12.962 [main] INFO  Agency:91 - Total agents found: 55
2024-11-01 15:00:13.004 [main] INFO  Agency:117 - 'Move Right' button is not available.
2024-11-01 15:00:13.004 [main] INFO  Agency:123 - All agents retrieved successfully. Total agents: 0
2024-11-01 15:00:13.005 [main] INFO  BaseTest:91 - Agencies listed.
2024-11-01 15:00:13.015 [main] INFO  NewBooking:36 - Clicking on New Booking.
2024-11-01 15:00:13.202 [main] INFO  NewBooking:39 - New booking button clicked successfully.
2024-11-01 15:00:13.202 [main] INFO  BaseTest:113 - Clicked on New Booking.
2024-11-01 15:00:13.213 [main] INFO  CruiseBooking:43 - Clicking on available cruise.
2024-11-01 15:01:13.238 [main] ERROR CruiseBooking:48 - Error in booking method: Expected condition failed: waiting for element to be clickable: By.xpath: (//i[@class='icon icon-right-arrow m-l-2'])[1] (tried for 30 second(s) with 500 milliseconds interval)
Build info: version: '4.25.0', revision: '8a8aea2337'
System info: os.name: 'Windows 11', os.arch: 'amd64', os.version: '10.0', java.version: '23.0.1'
Driver info: org.openqa.selenium.chrome.ChromeDriver
Capabilities {acceptInsecureCerts: false, browserName: chrome, browserVersion: 130.0.6723.91, chrome: {chromedriverVersion: 130.0.6723.91 (53ac07678369..., userDataDir: C:\Users\EFFIAS~1\AppData\L...}, fedcm:accounts: true, goog:chromeOptions: {debuggerAddress: localhost:62360}, networkConnectionEnabled: false, pageLoadStrategy: normal, platformName: windows, proxy: Proxy(), se:cdp: ws://localhost:62360/devtoo..., se:cdpVersion: 130.0.6723.91, setWindowRect: true, strictFileInteractability: false, timeouts: {implicit: 0, pageLoad: 300000, script: 30000}, unhandledPromptBehavior: dismiss and notify, webauthn:extension:credBlob: true, webauthn:extension:largeBlob: true, webauthn:extension:minPinLength: true, webauthn:extension:prf: true, webauthn:virtualAuthenticators: true}
Session ID: 92188883fea015eb0a7de2c065ff94a4
org.openqa.selenium.TimeoutException: Expected condition failed: waiting for element to be clickable: By.xpath: (//i[@class='icon icon-right-arrow m-l-2'])[1] (tried for 30 second(s) with 500 milliseconds interval)
Build info: version: '4.25.0', revision: '8a8aea2337'
System info: os.name: 'Windows 11', os.arch: 'amd64', os.version: '10.0', java.version: '23.0.1'
Driver info: org.openqa.selenium.chrome.ChromeDriver
Capabilities {acceptInsecureCerts: false, browserName: chrome, browserVersion: 130.0.6723.91, chrome: {chromedriverVersion: 130.0.6723.91 (53ac07678369..., userDataDir: C:\Users\EFFIAS~1\AppData\L...}, fedcm:accounts: true, goog:chromeOptions: {debuggerAddress: localhost:62360}, networkConnectionEnabled: false, pageLoadStrategy: normal, platformName: windows, proxy: Proxy(), se:cdp: ws://localhost:62360/devtoo..., se:cdpVersion: 130.0.6723.91, setWindowRect: true, strictFileInteractability: false, timeouts: {implicit: 0, pageLoad: 300000, script: 30000}, unhandledPromptBehavior: dismiss and notify, webauthn:extension:credBlob: true, webauthn:extension:largeBlob: true, webauthn:extension:minPinLength: true, webauthn:extension:prf: true, webauthn:virtualAuthenticators: true}
Session ID: 92188883fea015eb0a7de2c065ff94a4
	at org.openqa.selenium.support.ui.WebDriverWait.timeoutException(WebDriverWait.java:84) ~[selenium-support-4.25.0.jar:?]
	at org.openqa.selenium.support.ui.FluentWait.until(FluentWait.java:228) ~[selenium-support-4.25.0.jar:?]
	at pages.CruiseBooking.voyage(CruiseBooking.java:44) ~[test-classes/:?]
	at tests.BookingTest.cruises(BookingTest.java:125) ~[test-classes/:?]
	at jdk.internal.reflect.DirectMethodHandleAccessor.invoke(DirectMethodHandleAccessor.java:103) ~[?:?]
	at java.lang.reflect.Method.invoke(Method.java:580) ~[?:?]
	at org.testng.internal.invokers.MethodInvocationHelper.invokeMethod(MethodInvocationHelper.java:141) ~[testng-7.10.0.jar:7.10.0]
	at org.testng.internal.invokers.TestInvoker.invokeMethod(TestInvoker.java:686) ~[testng-7.10.0.jar:7.10.0]
	at org.testng.internal.invokers.TestInvoker.invokeTestMethod(TestInvoker.java:230) ~[testng-7.10.0.jar:7.10.0]
	at org.testng.internal.invokers.MethodRunner.runInSequence(MethodRunner.java:63) ~[testng-7.10.0.jar:7.10.0]
	at org.testng.internal.invokers.TestInvoker$MethodInvocationAgent.invoke(TestInvoker.java:992) ~[testng-7.10.0.jar:7.10.0]
	at org.testng.internal.invokers.TestInvoker.invokeTestMethods(TestInvoker.java:203) ~[testng-7.10.0.jar:7.10.0]
	at org.testng.internal.invokers.TestMethodWorker.invokeTestMethods(TestMethodWorker.java:154) ~[testng-7.10.0.jar:7.10.0]
	at org.testng.internal.invokers.TestMethodWorker.run(TestMethodWorker.java:134) ~[testng-7.10.0.jar:7.10.0]
	at java.util.ArrayList.forEach(ArrayList.java:1597) [?:?]
	at org.testng.TestRunner.privateRun(TestRunner.java:739) [testng-7.10.0.jar:7.10.0]
	at org.testng.TestRunner.run(TestRunner.java:614) [testng-7.10.0.jar:7.10.0]
	at org.testng.SuiteRunner.runTest(SuiteRunner.java:421) [testng-7.10.0.jar:7.10.0]
	at org.testng.SuiteRunner.runSequentially(SuiteRunner.java:413) [testng-7.10.0.jar:7.10.0]
	at org.testng.SuiteRunner.privateRun(SuiteRunner.java:373) [testng-7.10.0.jar:7.10.0]
	at org.testng.SuiteRunner.run(SuiteRunner.java:312) [testng-7.10.0.jar:7.10.0]
	at org.testng.SuiteRunnerWorker.runSuite(SuiteRunnerWorker.java:52) [testng-7.10.0.jar:7.10.0]
	at org.testng.SuiteRunnerWorker.run(SuiteRunnerWorker.java:95) [testng-7.10.0.jar:7.10.0]
	at org.testng.TestNG.runSuitesSequentially(TestNG.java:1274) [testng-7.10.0.jar:7.10.0]
	at org.testng.TestNG.runSuitesLocally(TestNG.java:1208) [testng-7.10.0.jar:7.10.0]
	at org.testng.TestNG.runSuites(TestNG.java:1112) [testng-7.10.0.jar:7.10.0]
	at org.testng.TestNG.run(TestNG.java:1079) [testng-7.10.0.jar:7.10.0]
	at org.testng.remote.AbstractRemoteTestNG.run(AbstractRemoteTestNG.java:115) [testng-remote.jar:?]
	at org.testng.remote.RemoteTestNG.initAndRun(RemoteTestNG.java:293) [testng-remote.jar:?]
	at org.testng.remote.RemoteTestNG.main(RemoteTestNG.java:91) [testng-remote.jar:?]
-------------------------------------------------
Log End: 2024-11-01T15:01:14.122248900
-------------------------------------------------

