-------------------------------------------------
Name: supportuser2
Log Start: 2024-10-12T13:11:59.441749300
Java Version: 21.0.3
Operating System: Windows 11
System Name: LAPTOP-0H4UER3T
-------------------------------------------------

2024-10-12 13:12:01.052 [main] INFO  BaseTest:25 - Attempting to log in with provided credentials.
2024-10-12 13:12:01.056 [main] INFO  LoginPage:27 - Waiting for username field to be visible
2024-10-12 13:12:04.121 [main] INFO  LoginPage:29 - Username field is now visible
2024-10-12 13:12:05.228 [main] INFO  LoginPage:34 - Username inserted successfully
2024-10-12 13:12:05.310 [main] INFO  LoginPage:38 - Password inserted successfully
2024-10-12 13:12:11.854 [main] INFO  LoginPage:42 - Signed in successfully
2024-10-12 13:12:11.854 [main] INFO  BaseTest:27 - Login successful.
2024-10-12 13:12:15.888 [main] INFO  MenuIcon:27 - Waiting for menu icon to appear
2024-10-12 13:12:15.999 [main] INFO  MenuIcon:29 - Menu icon clicked
2024-10-12 13:12:15.999 [main] INFO  BaseTest:42 - Clicked on menu icon.
2024-10-12 13:12:20.109 [main] INFO  CentralSetUp:32 - CRS RCY menu clicked
2024-10-12 13:12:22.588 [main] INFO  CentralSetUp:47 - Switched to new tab. The title of the new tab is: CruisePAL CRS
2024-10-12 13:12:22.588 [main] INFO  BaseTest:57 - Clicked on 'CRS RCY' to open a new tab.
2024-10-12 13:12:22.588 [main] INFO  BaseTest:58 - Switched to the new tab successfully.
2024-10-12 13:12:25.613 [main] INFO  Agency:45 - Clicking on Agencies field.
2024-10-12 13:12:28.285 [main] INFO  Agency:48 - Agencies field clicked successfully.
2024-10-12 13:12:28.285 [main] INFO  BaseTest:72 - Clicked on Agnecy option
2024-10-12 13:12:30.424 [main] INFO  Agency:61 - Total Agents: 55 AgentsEN
2024-10-12 13:12:30.460 [main] INFO  Agency:84 - Agent Name: Fore@123 Supportuser2A
2024-10-12 13:12:30.468 [main] INFO  Agency:84 - Agent Name: C0001231Oct23Agent1
2024-10-12 13:12:30.484 [main] INFO  Agency:84 - Agent Name: C0001231Oct23_2
2024-10-12 13:12:30.502 [main] INFO  Agency:84 - Agent Name: C0001231Oct23_3
2024-10-12 13:12:30.514 [main] INFO  Agency:84 - Agent Name: C0001231Oct23_4
2024-10-12 13:12:30.527 [main] INFO  Agency:84 - Agent Name: C0001231Oct23_5
2024-10-12 13:12:32.281 [main] INFO  Agency:84 - Agent Name: 123 C0001231Oct23_6
2024-10-12 13:12:32.295 [main] INFO  Agency:84 - Agent Name: C0001231Oct23_2 C0001231Oct23_7
2024-10-12 13:12:32.306 [main] INFO  Agency:84 - Agent Name: C0001231Oct23_8 C0001231Oct23_8
2024-10-12 13:12:32.317 [main] INFO  Agency:84 - Agent Name: C0001231Oct23_9 C0001231Oct23_9
2024-10-12 13:12:33.914 [main] INFO  Agency:84 - Agent Name: C0001231Oct23_10 C0001231Oct23_10
2024-10-12 13:12:33.932 [main] INFO  Agency:84 - Agent Name: Tannu Mohit
2024-10-12 13:12:33.944 [main] INFO  Agency:84 - Agent Name: Mohit Taanu
2024-10-12 13:12:33.955 [main] INFO  Agency:84 - Agent Name: risi ragava
2024-10-12 13:12:35.548 [main] INFO  Agency:84 - Agent Name: jnu
2024-10-12 13:12:35.568 [main] INFO  Agency:84 - Agent Name: Tannu
2024-10-12 13:12:35.580 [main] INFO  Agency:84 - Agent Name: sanMohit
2024-10-12 13:12:35.580 [main] INFO  Agency:84 - Agent Name: sdf
2024-10-12 13:12:37.244 [main] INFO  Agency:84 - Agent Name: 1122
2024-10-12 13:12:37.260 [main] INFO  Agency:84 - Agent Name: wwww
2024-10-12 13:12:37.267 [main] INFO  Agency:84 - Agent Name: www
2024-10-12 13:12:37.276 [main] INFO  Agency:84 - Agent Name: san
2024-10-12 13:12:39.045 [main] INFO  Agency:84 - Agent Name: testing
2024-10-12 13:12:39.063 [main] INFO  Agency:84 - Agent Name: eee
2024-10-12 13:12:39.069 [main] INFO  Agency:84 - Agent Name: gvfb
2024-10-12 13:12:39.076 [main] INFO  Agency:84 - Agent Name: Mohit
2024-10-12 13:12:40.771 [main] INFO  Agency:84 - Agent Name: vbb
2024-10-12 13:12:40.779 [main] INFO  Agency:84 - Agent Name: dfer
2024-10-12 13:12:40.782 [main] INFO  Agency:84 - Agent Name: Pooja Zingoni
2024-10-12 13:12:42.373 [main] INFO  Agency:84 - Agent Name: Pooja Gavali
2024-10-12 13:12:42.380 [main] INFO  Agency:84 - Agent Name: suresh kumar
2024-10-12 13:12:42.389 [main] INFO  Agency:84 - Agent Name: prasantaa sadana
2024-10-12 13:12:44.194 [main] INFO  Agency:84 - Agent Name: priyaka
2024-10-12 13:12:44.194 [main] INFO  Agency:84 - Agent Name: mohit
2024-10-12 13:12:46.062 [main] INFO  Agency:84 - Agent Name: Mohit123
2024-10-12 13:12:46.081 [main] INFO  Agency:84 - Agent Name: John12
2024-10-12 13:12:46.092 [main] INFO  Agency:84 - Agent Name: fgf
2024-10-12 13:12:46.108 [main] INFO  Agency:84 - Agent Name: dippp
2024-10-12 13:12:48.171 [main] INFO  Agency:84 - Agent Name: Immu
2024-10-12 13:12:50.064 [main] INFO  Agency:84 - Agent Name: 444
2024-10-12 13:12:50.085 [main] INFO  Agency:84 - Agent Name: 666
2024-10-12 13:12:52.088 [main] INFO  Agency:84 - Agent Name: Testing223
2024-10-12 13:12:52.094 [main] INFO  Agency:84 - Agent Name: Test12
2024-10-12 13:12:52.110 [main] INFO  Agency:84 - Agent Name: santer
2024-10-12 13:12:52.126 [main] INFO  Agency:84 - Agent Name: wer
2024-10-12 13:12:54.165 [main] INFO  Agency:84 - Agent Name: MohitTannu
2024-10-12 13:12:54.171 [main] INFO  Agency:84 - Agent Name: Fore@123 SriAgent15Jul_1
2024-10-12 13:12:56.045 [main] WARN  Agency:107 - Mismatch in total agents. Expected: 55, Found: 47
2024-10-12 13:12:56.045 [main] INFO  BaseTest:81 - Agency selected from the list
-------------------------------------------------
Log End: 2024-10-12T13:12:56.718731900
-------------------------------------------------

-------------------------------------------------
Name: supportuser2
Log Start: 2024-10-12T13:38:05.201320200
Java Version: 21.0.3
Operating System: Windows 11
System Name: LAPTOP-0H4UER3T
-------------------------------------------------

2024-10-12 13:38:07.075 [main] INFO  BaseTest:25 - Attempting to log in with provided credentials.
2024-10-12 13:38:07.076 [main] INFO  LoginPage:27 - Waiting for username field to be visible
2024-10-12 13:39:05.334 [main] INFO  LoginPage:29 - Username field is now visible
2024-10-12 13:39:06.519 [main] INFO  LoginPage:34 - Username inserted successfully
2024-10-12 13:39:06.691 [main] INFO  LoginPage:38 - Password inserted successfully
2024-10-12 13:39:17.601 [main] INFO  LoginPage:42 - Signed in successfully
2024-10-12 13:39:17.602 [main] INFO  BaseTest:27 - Login successful.
2024-10-12 13:39:21.631 [main] INFO  MenuIcon:27 - Waiting for menu icon to appear
2024-10-12 13:39:21.758 [main] INFO  MenuIcon:29 - Menu icon clicked
2024-10-12 13:39:21.760 [main] INFO  BaseTest:42 - Clicked on menu icon.
2024-10-12 13:39:25.927 [main] INFO  CentralSetUp:32 - CRS RCY menu clicked
2024-10-12 13:39:32.437 [main] INFO  CentralSetUp:47 - Switched to new tab. The title of the new tab is: CruisePAL CRS
2024-10-12 13:39:32.437 [main] INFO  BaseTest:57 - Clicked on 'CRS RCY' to open a new tab.
2024-10-12 13:39:32.437 [main] INFO  BaseTest:58 - Switched to the new tab successfully.
2024-10-12 13:39:35.451 [main] INFO  Agency:48 - Clicking on Agencies field.
2024-10-12 13:40:01.157 [main] INFO  Agency:51 - Agencies field clicked successfully.
2024-10-12 13:40:01.157 [main] INFO  BaseTest:72 - Clicked on Agnecy option
2024-10-12 13:40:03.234 [main] INFO  Agency:64 - Total Agents: 55 AgentsEN
2024-10-12 13:40:03.271 [main] INFO  Agency:86 - Agent Name: Fore@123 Supportuser2A
2024-10-12 13:40:03.285 [main] INFO  Agency:86 - Agent Name: C0001231Oct23Agent1
2024-10-12 13:40:03.300 [main] INFO  Agency:86 - Agent Name: C0001231Oct23_2
2024-10-12 13:40:03.322 [main] INFO  Agency:86 - Agent Name: C0001231Oct23_3
2024-10-12 13:40:03.337 [main] INFO  Agency:86 - Agent Name: C0001231Oct23_4
2024-10-12 13:40:03.347 [main] INFO  Agency:86 - Agent Name: C0001231Oct23_5
2024-10-12 13:40:05.393 [main] INFO  Agency:86 - Agent Name: 123 C0001231Oct23_6
2024-10-12 13:40:05.405 [main] INFO  Agency:86 - Agent Name: C0001231Oct23_2 C0001231Oct23_7
2024-10-12 13:40:05.421 [main] INFO  Agency:86 - Agent Name: C0001231Oct23_8 C0001231Oct23_8
2024-10-12 13:40:05.433 [main] INFO  Agency:86 - Agent Name: C0001231Oct23_9 C0001231Oct23_9
2024-10-12 13:40:07.279 [main] INFO  Agency:86 - Agent Name: C0001231Oct23_10 C0001231Oct23_10
2024-10-12 13:40:07.310 [main] INFO  Agency:86 - Agent Name: Tannu Mohit
2024-10-12 13:40:07.310 [main] INFO  Agency:86 - Agent Name: Mohit Taanu
2024-10-12 13:40:07.333 [main] INFO  Agency:86 - Agent Name: risi ragava
2024-10-12 13:40:09.355 [main] INFO  Agency:86 - Agent Name: jnu
2024-10-12 13:40:09.368 [main] INFO  Agency:86 - Agent Name: Tannu
2024-10-12 13:40:09.380 [main] INFO  Agency:86 - Agent Name: sanMohit
2024-10-12 13:40:09.383 [main] INFO  Agency:86 - Agent Name: sdf
2024-10-12 13:40:11.358 [main] INFO  Agency:86 - Agent Name: 1122
2024-10-12 13:40:11.372 [main] INFO  Agency:86 - Agent Name: wwww
2024-10-12 13:40:11.388 [main] INFO  Agency:86 - Agent Name: www
2024-10-12 13:40:11.395 [main] INFO  Agency:86 - Agent Name: san
2024-10-12 13:40:13.225 [main] INFO  Agency:86 - Agent Name: testing
2024-10-12 13:40:13.241 [main] INFO  Agency:86 - Agent Name: eee
2024-10-12 13:40:13.257 [main] INFO  Agency:86 - Agent Name: gvfb
2024-10-12 13:40:13.272 [main] INFO  Agency:86 - Agent Name: Mohit
2024-10-12 13:40:15.150 [main] INFO  Agency:86 - Agent Name: vbb
2024-10-12 13:40:15.169 [main] INFO  Agency:86 - Agent Name: dfer
2024-10-12 13:40:15.198 [main] INFO  Agency:86 - Agent Name: Pooja Zingoni
2024-10-12 13:40:17.159 [main] INFO  Agency:86 - Agent Name: Pooja Gavali
2024-10-12 13:40:17.174 [main] INFO  Agency:86 - Agent Name: suresh kumar
2024-10-12 13:40:17.192 [main] INFO  Agency:86 - Agent Name: prasantaa sadana
2024-10-12 13:40:19.210 [main] INFO  Agency:86 - Agent Name: priyaka
2024-10-12 13:40:19.226 [main] INFO  Agency:86 - Agent Name: mohit
2024-10-12 13:40:21.065 [main] INFO  Agency:86 - Agent Name: Mohit123
2024-10-12 13:40:21.083 [main] INFO  Agency:86 - Agent Name: John12
2024-10-12 13:40:21.097 [main] INFO  Agency:86 - Agent Name: fgf
2024-10-12 13:40:21.110 [main] INFO  Agency:86 - Agent Name: dippp
2024-10-12 13:40:23.177 [main] INFO  Agency:86 - Agent Name: Immu
2024-10-12 13:40:25.236 [main] INFO  Agency:86 - Agent Name: 444
2024-10-12 13:40:25.248 [main] INFO  Agency:86 - Agent Name: 666
2024-10-12 13:40:27.267 [main] INFO  Agency:86 - Agent Name: Testing223
2024-10-12 13:40:27.269 [main] INFO  Agency:86 - Agent Name: Test12
2024-10-12 13:40:27.285 [main] INFO  Agency:86 - Agent Name: santer
2024-10-12 13:40:27.300 [main] INFO  Agency:86 - Agent Name: wer
2024-10-12 13:40:29.293 [main] INFO  Agency:86 - Agent Name: MohitTannu
2024-10-12 13:40:29.303 [main] INFO  Agency:86 - Agent Name: Fore@123 SriAgent15Jul_1
2024-10-12 13:40:31.099 [main] WARN  Agency:109 - Mismatch in total agents. Expected: 55, Found: 47
2024-10-12 13:40:31.099 [main] INFO  BaseTest:81 - Agencies listed
2024-10-12 13:40:33.113 [main] INFO  Agency:121 - Attempting to select agent: null
2024-10-12 13:40:33.113 [main] ERROR Agency:134 - Agent 'null' not found in the list.
-------------------------------------------------
Log End: 2024-10-12T13:40:34.232646400
-------------------------------------------------

-------------------------------------------------
Name: supportuser2
Log Start: 2024-10-12T13:43:00.110561700
Java Version: 21.0.3
Operating System: Windows 11
System Name: LAPTOP-0H4UER3T
-------------------------------------------------

2024-10-12 13:43:01.785 [main] INFO  BaseTest:25 - Attempting to log in with provided credentials.
2024-10-12 13:43:01.788 [main] INFO  LoginPage:27 - Waiting for username field to be visible
2024-10-12 13:43:05.081 [main] INFO  LoginPage:29 - Username field is now visible
2024-10-12 13:43:06.255 [main] INFO  LoginPage:34 - Username inserted successfully
2024-10-12 13:43:06.323 [main] INFO  LoginPage:38 - Password inserted successfully
2024-10-12 13:43:06.753 [main] INFO  LoginPage:42 - Signed in successfully
2024-10-12 13:43:06.753 [main] INFO  BaseTest:27 - Login successful.
2024-10-12 13:43:10.785 [main] INFO  MenuIcon:27 - Waiting for menu icon to appear
2024-10-12 13:43:11.434 [main] INFO  MenuIcon:29 - Menu icon clicked
2024-10-12 13:43:11.434 [main] INFO  BaseTest:42 - Clicked on menu icon.
2024-10-12 13:43:15.623 [main] INFO  CentralSetUp:32 - CRS RCY menu clicked
2024-10-12 13:43:19.285 [main] INFO  CentralSetUp:47 - Switched to new tab. The title of the new tab is: CruisePAL CRS
2024-10-12 13:43:19.285 [main] INFO  BaseTest:57 - Clicked on 'CRS RCY' to open a new tab.
2024-10-12 13:43:19.285 [main] INFO  BaseTest:58 - Switched to the new tab successfully.
2024-10-12 13:43:22.314 [main] INFO  Agency:45 - Clicking on Agencies field.
2024-10-12 13:43:25.172 [main] INFO  Agency:48 - Agencies field clicked successfully.
2024-10-12 13:43:25.172 [main] INFO  BaseTest:72 - Clicked on Agnecy option
2024-10-12 13:43:27.266 [main] INFO  Agency:61 - Total Agents: 55 AgentsEN
2024-10-12 13:43:27.330 [main] INFO  Agency:83 - Agent Name: Fore@123 Supportuser2A
2024-10-12 13:43:27.347 [main] INFO  Agency:83 - Agent Name: C0001231Oct23Agent1
2024-10-12 13:43:27.364 [main] INFO  Agency:83 - Agent Name: C0001231Oct23_2
2024-10-12 13:43:27.380 [main] INFO  Agency:83 - Agent Name: C0001231Oct23_3
2024-10-12 13:43:27.392 [main] INFO  Agency:83 - Agent Name: C0001231Oct23_4
2024-10-12 13:43:27.408 [main] INFO  Agency:83 - Agent Name: C0001231Oct23_5
2024-10-12 13:43:29.163 [main] INFO  Agency:83 - Agent Name: 123 C0001231Oct23_6
2024-10-12 13:43:29.170 [main] INFO  Agency:83 - Agent Name: C0001231Oct23_2 C0001231Oct23_7
2024-10-12 13:43:29.185 [main] INFO  Agency:83 - Agent Name: C0001231Oct23_8 C0001231Oct23_8
2024-10-12 13:43:29.191 [main] INFO  Agency:83 - Agent Name: C0001231Oct23_9 C0001231Oct23_9
2024-10-12 13:43:30.887 [main] INFO  Agency:83 - Agent Name: C0001231Oct23_10 C0001231Oct23_10
2024-10-12 13:43:30.899 [main] INFO  Agency:83 - Agent Name: Tannu Mohit
2024-10-12 13:43:30.911 [main] INFO  Agency:83 - Agent Name: Mohit Taanu
2024-10-12 13:43:30.919 [main] INFO  Agency:83 - Agent Name: risi ragava
2024-10-12 13:43:32.676 [main] INFO  Agency:83 - Agent Name: jnu
2024-10-12 13:43:32.688 [main] INFO  Agency:83 - Agent Name: Tannu
2024-10-12 13:43:32.701 [main] INFO  Agency:83 - Agent Name: sanMohit
2024-10-12 13:43:32.708 [main] INFO  Agency:83 - Agent Name: sdf
2024-10-12 13:43:34.345 [main] INFO  Agency:83 - Agent Name: 1122
2024-10-12 13:43:34.355 [main] INFO  Agency:83 - Agent Name: wwww
2024-10-12 13:43:34.404 [main] INFO  Agency:83 - Agent Name: www
2024-10-12 13:43:34.420 [main] INFO  Agency:83 - Agent Name: san
2024-10-12 13:43:36.088 [main] INFO  Agency:83 - Agent Name: testing
2024-10-12 13:43:36.098 [main] INFO  Agency:83 - Agent Name: eee
2024-10-12 13:43:36.102 [main] INFO  Agency:83 - Agent Name: gvfb
2024-10-12 13:43:36.119 [main] INFO  Agency:83 - Agent Name: Mohit
2024-10-12 13:43:37.695 [main] INFO  Agency:83 - Agent Name: vbb
2024-10-12 13:43:37.705 [main] INFO  Agency:83 - Agent Name: dfer
2024-10-12 13:43:37.712 [main] INFO  Agency:83 - Agent Name: Pooja Zingoni
2024-10-12 13:43:39.261 [main] INFO  Agency:83 - Agent Name: Pooja Gavali
2024-10-12 13:43:39.274 [main] INFO  Agency:83 - Agent Name: suresh kumar
2024-10-12 13:43:39.290 [main] INFO  Agency:83 - Agent Name: prasantaa sadana
2024-10-12 13:43:41.009 [main] INFO  Agency:83 - Agent Name: priyaka
2024-10-12 13:43:41.024 [main] INFO  Agency:83 - Agent Name: mohit
2024-10-12 13:43:43.103 [main] INFO  Agency:83 - Agent Name: Mohit123
2024-10-12 13:43:43.120 [main] INFO  Agency:83 - Agent Name: John12
2024-10-12 13:43:43.145 [main] INFO  Agency:83 - Agent Name: fgf
2024-10-12 13:43:43.150 [main] INFO  Agency:83 - Agent Name: dippp
2024-10-12 13:43:45.108 [main] INFO  Agency:83 - Agent Name: Immu
2024-10-12 13:43:47.138 [main] INFO  Agency:83 - Agent Name: 444
2024-10-12 13:43:47.153 [main] INFO  Agency:83 - Agent Name: 666
2024-10-12 13:43:49.160 [main] INFO  Agency:83 - Agent Name: Testing223
2024-10-12 13:43:49.174 [main] INFO  Agency:83 - Agent Name: Test12
2024-10-12 13:43:49.187 [main] INFO  Agency:83 - Agent Name: santer
2024-10-12 13:43:49.194 [main] INFO  Agency:83 - Agent Name: wer
2024-10-12 13:43:51.149 [main] INFO  Agency:83 - Agent Name: MohitTannu
2024-10-12 13:43:51.164 [main] INFO  Agency:83 - Agent Name: Fore@123 SriAgent15Jul_1
2024-10-12 13:43:53.065 [main] WARN  Agency:106 - Mismatch in total agents. Expected: 55, Found: 47
2024-10-12 13:43:53.065 [main] INFO  BaseTest:81 - Agencies listed
2024-10-12 13:43:55.080 [main] INFO  Agency:118 - Attempting to select agent: null
2024-10-12 13:43:55.081 [main] ERROR Agency:138 - Agent 'null' not found in the list.
-------------------------------------------------
Log End: 2024-10-12T13:43:56.112781
-------------------------------------------------

-------------------------------------------------
Name: supportuser2
Log Start: 2024-10-12T13:47:17.066239600
Java Version: 21.0.3
Operating System: Windows 11
System Name: LAPTOP-0H4UER3T
-------------------------------------------------

2024-10-12 13:47:18.775 [main] INFO  BaseTest:25 - Attempting to log in with provided credentials.
2024-10-12 13:47:18.778 [main] INFO  LoginPage:27 - Waiting for username field to be visible
2024-10-12 13:47:21.692 [main] INFO  LoginPage:29 - Username field is now visible
2024-10-12 13:47:22.817 [main] INFO  LoginPage:34 - Username inserted successfully
2024-10-12 13:47:22.921 [main] INFO  LoginPage:38 - Password inserted successfully
2024-10-12 13:47:23.383 [main] INFO  LoginPage:42 - Signed in successfully
2024-10-12 13:47:23.383 [main] INFO  BaseTest:27 - Login successful.
2024-10-12 13:47:27.404 [main] INFO  MenuIcon:27 - Waiting for menu icon to appear
2024-10-12 13:47:37.461 [main] INFO  MenuIcon:29 - Menu icon clicked
2024-10-12 13:47:37.461 [main] INFO  BaseTest:42 - Clicked on menu icon.
2024-10-12 13:47:41.619 [main] INFO  CentralSetUp:32 - CRS RCY menu clicked
2024-10-12 13:47:46.542 [main] INFO  CentralSetUp:47 - Switched to new tab. The title of the new tab is: CruisePAL CRS
2024-10-12 13:47:46.542 [main] INFO  BaseTest:57 - Clicked on 'CRS RCY' to open a new tab.
2024-10-12 13:47:46.542 [main] INFO  BaseTest:58 - Switched to the new tab successfully.
2024-10-12 13:47:49.600 [main] INFO  Agency:45 - Clicking on Agencies field.
2024-10-12 13:47:52.290 [main] INFO  Agency:48 - Agencies field clicked successfully.
2024-10-12 13:47:52.291 [main] INFO  BaseTest:72 - Clicked on Agnecy option
2024-10-12 13:47:54.343 [main] INFO  Agency:61 - Total Agents: 55 AgentsEN
2024-10-12 13:47:54.369 [main] INFO  Agency:83 - Agent Name: Fore@123 Supportuser2A
2024-10-12 13:47:54.390 [main] INFO  Agency:83 - Agent Name: C0001231Oct23Agent1
2024-10-12 13:47:54.396 [main] INFO  Agency:83 - Agent Name: C0001231Oct23_2
2024-10-12 13:47:54.416 [main] INFO  Agency:83 - Agent Name: C0001231Oct23_3
2024-10-12 13:47:54.427 [main] INFO  Agency:83 - Agent Name: C0001231Oct23_4
2024-10-12 13:47:54.434 [main] INFO  Agency:83 - Agent Name: C0001231Oct23_5
2024-10-12 13:47:56.277 [main] INFO  Agency:83 - Agent Name: 123 C0001231Oct23_6
2024-10-12 13:47:56.283 [main] INFO  Agency:83 - Agent Name: C0001231Oct23_2 C0001231Oct23_7
2024-10-12 13:47:56.299 [main] INFO  Agency:83 - Agent Name: C0001231Oct23_8 C0001231Oct23_8
2024-10-12 13:47:56.314 [main] INFO  Agency:83 - Agent Name: C0001231Oct23_9 C0001231Oct23_9
2024-10-12 13:47:58.119 [main] INFO  Agency:83 - Agent Name: C0001231Oct23_10 C0001231Oct23_10
2024-10-12 13:47:58.131 [main] INFO  Agency:83 - Agent Name: Tannu Mohit
2024-10-12 13:47:58.140 [main] INFO  Agency:83 - Agent Name: Mohit Taanu
2024-10-12 13:47:58.159 [main] INFO  Agency:83 - Agent Name: risi ragava
2024-10-12 13:47:59.792 [main] INFO  Agency:83 - Agent Name: jnu
2024-10-12 13:47:59.807 [main] INFO  Agency:83 - Agent Name: Tannu
2024-10-12 13:47:59.824 [main] INFO  Agency:83 - Agent Name: sanMohit
2024-10-12 13:47:59.827 [main] INFO  Agency:83 - Agent Name: sdf
2024-10-12 13:48:01.524 [main] INFO  Agency:83 - Agent Name: 1122
2024-10-12 13:48:01.540 [main] INFO  Agency:83 - Agent Name: wwww
2024-10-12 13:48:01.551 [main] INFO  Agency:83 - Agent Name: www
2024-10-12 13:48:01.557 [main] INFO  Agency:83 - Agent Name: san
2024-10-12 13:48:03.162 [main] INFO  Agency:83 - Agent Name: testing
2024-10-12 13:48:03.175 [main] INFO  Agency:83 - Agent Name: eee
2024-10-12 13:48:03.181 [main] INFO  Agency:83 - Agent Name: gvfb
2024-10-12 13:48:03.196 [main] INFO  Agency:83 - Agent Name: Mohit
2024-10-12 13:48:04.951 [main] INFO  Agency:83 - Agent Name: vbb
2024-10-12 13:48:04.968 [main] INFO  Agency:83 - Agent Name: dfer
2024-10-12 13:48:04.974 [main] INFO  Agency:83 - Agent Name: Pooja Zingoni
2024-10-12 13:48:06.695 [main] INFO  Agency:83 - Agent Name: Pooja Gavali
2024-10-12 13:48:06.727 [main] INFO  Agency:83 - Agent Name: suresh kumar
2024-10-12 13:48:06.743 [main] INFO  Agency:83 - Agent Name: prasantaa sadana
2024-10-12 13:48:08.870 [main] INFO  Agency:83 - Agent Name: priyaka
2024-10-12 13:48:08.894 [main] INFO  Agency:83 - Agent Name: mohit
2024-10-12 13:48:10.752 [main] INFO  Agency:83 - Agent Name: Mohit123
2024-10-12 13:48:10.767 [main] INFO  Agency:83 - Agent Name: John12
2024-10-12 13:48:10.783 [main] INFO  Agency:83 - Agent Name: fgf
2024-10-12 13:48:10.788 [main] INFO  Agency:83 - Agent Name: dippp
2024-10-12 13:48:12.725 [main] INFO  Agency:83 - Agent Name: Immu
2024-10-12 13:48:14.718 [main] INFO  Agency:83 - Agent Name: 444
2024-10-12 13:48:14.733 [main] INFO  Agency:83 - Agent Name: 666
2024-10-12 13:48:16.497 [main] INFO  Agency:83 - Agent Name: Testing223
2024-10-12 13:48:16.507 [main] INFO  Agency:83 - Agent Name: Test12
2024-10-12 13:48:16.525 [main] INFO  Agency:83 - Agent Name: santer
2024-10-12 13:48:16.535 [main] INFO  Agency:83 - Agent Name: wer
2024-10-12 13:48:18.212 [main] INFO  Agency:83 - Agent Name: MohitTannu
2024-10-12 13:48:18.212 [main] INFO  Agency:83 - Agent Name: Fore@123 SriAgent15Jul_1
2024-10-12 13:48:19.902 [main] WARN  Agency:106 - Mismatch in total agents. Expected: 55, Found: 47
2024-10-12 13:48:19.902 [main] INFO  BaseTest:81 - Agencies listed
2024-10-12 13:48:21.917 [main] INFO  Agency:118 - Attempting to select agent: null
2024-10-12 13:48:21.918 [main] ERROR Agency:138 - Agent 'null' not found in the list.
-------------------------------------------------
Log End: 2024-10-12T13:48:22.986551900
-------------------------------------------------

-------------------------------------------------
Name: supportuser2
Log Start: 2024-10-12T14:01:05.656555300
Java Version: 21.0.3
Operating System: Windows 11
System Name: LAPTOP-0H4UER3T
-------------------------------------------------

2024-10-12 14:01:07.930 [main] INFO  BaseTest:25 - Attempting to log in with provided credentials.
2024-10-12 14:01:07.932 [main] INFO  LoginPage:27 - Waiting for username field to be visible
2024-10-12 14:01:12.467 [main] INFO  LoginPage:29 - Username field is now visible
2024-10-12 14:01:13.636 [main] INFO  LoginPage:34 - Username inserted successfully
2024-10-12 14:01:13.740 [main] INFO  LoginPage:38 - Password inserted successfully
2024-10-12 14:01:14.169 [main] INFO  LoginPage:42 - Signed in successfully
2024-10-12 14:01:14.172 [main] INFO  BaseTest:27 - Login successful.
2024-10-12 14:01:18.212 [main] INFO  MenuIcon:27 - Waiting for menu icon to appear
2024-10-12 14:01:22.416 [main] INFO  MenuIcon:29 - Menu icon clicked
2024-10-12 14:01:22.417 [main] INFO  BaseTest:42 - Clicked on menu icon.
2024-10-12 14:01:26.566 [main] INFO  CentralSetUp:32 - CRS RCY menu clicked
2024-10-12 14:01:34.786 [main] INFO  CentralSetUp:47 - Switched to new tab. The title of the new tab is: CruisePAL CRS
2024-10-12 14:01:34.786 [main] INFO  BaseTest:57 - Clicked on 'CRS RCY' to open a new tab.
2024-10-12 14:01:34.786 [main] INFO  BaseTest:58 - Switched to the new tab successfully.
2024-10-12 14:01:37.826 [main] INFO  Agency:45 - Clicking on Agencies field.
2024-10-12 14:01:40.851 [main] INFO  Agency:48 - Agencies field clicked successfully.
2024-10-12 14:01:40.852 [main] INFO  BaseTest:72 - Clicked on Agnecy option
2024-10-12 14:01:43.074 [main] INFO  Agency:61 - Total Agents: 55 AgentsEN
2024-10-12 14:01:43.262 [main] INFO  Agency:88 - Agent Name: Fore@123 Supportuser2A
2024-10-12 14:01:43.268 [main] INFO  Agency:88 - Agent Name: C0001231Oct23Agent1
2024-10-12 14:01:43.284 [main] INFO  Agency:88 - Agent Name: C0001231Oct23_2
2024-10-12 14:01:43.301 [main] INFO  Agency:88 - Agent Name: C0001231Oct23_3
2024-10-12 14:01:43.317 [main] INFO  Agency:88 - Agent Name: C0001231Oct23_4
2024-10-12 14:01:43.335 [main] INFO  Agency:88 - Agent Name: C0001231Oct23_5
2024-10-12 14:02:14.154 [main] WARN  Agency:112 - Mismatch in total agents. Expected: 55, Found: 6
2024-10-12 14:02:14.154 [main] INFO  BaseTest:81 - Agencies listed
2024-10-12 14:02:16.169 [main] INFO  Agency:124 - Attempting to select agent: Fore@123 Supportuser2A
2024-10-12 14:02:16.987 [main] INFO  Agency:139 - Selected agent: Fore@123 Supportuser2A
2024-10-12 14:02:16.987 [main] INFO  BaseTest:90 - Agent selected 
-------------------------------------------------
Log End: 2024-10-12T14:02:17.942845800
-------------------------------------------------

-------------------------------------------------
Name: supportuser2
Log Start: 2024-10-12T14:03:45.442768900
Java Version: 21.0.3
Operating System: Windows 11
System Name: LAPTOP-0H4UER3T
-------------------------------------------------

2024-10-12 14:03:47.318 [main] INFO  BaseTest:25 - Attempting to log in with provided credentials.
2024-10-12 14:03:47.321 [main] INFO  LoginPage:27 - Waiting for username field to be visible
2024-10-12 14:03:50.230 [main] INFO  LoginPage:29 - Username field is now visible
2024-10-12 14:03:51.384 [main] INFO  LoginPage:34 - Username inserted successfully
2024-10-12 14:03:51.478 [main] INFO  LoginPage:38 - Password inserted successfully
2024-10-12 14:03:51.863 [main] INFO  LoginPage:42 - Signed in successfully
2024-10-12 14:03:51.863 [main] INFO  BaseTest:27 - Login successful.
2024-10-12 14:03:55.894 [main] INFO  MenuIcon:27 - Waiting for menu icon to appear
2024-10-12 14:03:59.280 [main] INFO  MenuIcon:29 - Menu icon clicked
2024-10-12 14:03:59.280 [main] INFO  BaseTest:42 - Clicked on menu icon.
2024-10-12 14:04:03.447 [main] INFO  CentralSetUp:32 - CRS RCY menu clicked
2024-10-12 14:04:16.010 [main] INFO  CentralSetUp:47 - Switched to new tab. The title of the new tab is: CruisePAL CRS
2024-10-12 14:04:16.010 [main] INFO  BaseTest:57 - Clicked on 'CRS RCY' to open a new tab.
2024-10-12 14:04:16.010 [main] INFO  BaseTest:58 - Switched to the new tab successfully.
2024-10-12 14:04:19.047 [main] INFO  Agency:45 - Clicking on Agencies field.
2024-10-12 14:04:21.527 [main] INFO  Agency:48 - Agencies field clicked successfully.
2024-10-12 14:04:21.527 [main] INFO  BaseTest:72 - Clicked on Agnecy option
2024-10-12 14:04:23.594 [main] INFO  Agency:61 - Total Agents: 55 AgentsEN
2024-10-12 14:04:23.636 [main] INFO  Agency:87 - Agent Name: Fore@123 Supportuser2A
2024-10-12 14:04:23.655 [main] INFO  Agency:87 - Agent Name: C0001231Oct23Agent1
2024-10-12 14:04:23.669 [main] INFO  Agency:87 - Agent Name: C0001231Oct23_2
2024-10-12 14:04:23.675 [main] INFO  Agency:87 - Agent Name: C0001231Oct23_3
2024-10-12 14:04:23.692 [main] INFO  Agency:87 - Agent Name: C0001231Oct23_4
2024-10-12 14:04:23.708 [main] INFO  Agency:87 - Agent Name: C0001231Oct23_5
2024-10-12 14:04:54.354 [main] WARN  Agency:111 - Mismatch in total agents. Expected: 55, Found: 6
2024-10-12 14:04:54.355 [main] INFO  BaseTest:81 - Agencies listed
2024-10-12 14:04:56.368 [main] INFO  Agency:123 - Attempting to select agent: Fore@123 Supportuser2A
2024-10-12 14:04:57.298 [main] INFO  Agency:138 - Selected agent: Fore@123 Supportuser2A
2024-10-12 14:04:57.300 [main] INFO  BaseTest:90 - Agent selected 
-------------------------------------------------
Log End: 2024-10-12T14:04:58.270364500
-------------------------------------------------

-------------------------------------------------
Name: supportuser2
Log Start: 2024-10-12T14:06:26.083707100
Java Version: 21.0.3
Operating System: Windows 11
System Name: LAPTOP-0H4UER3T
-------------------------------------------------

2024-10-12 14:06:27.931 [main] INFO  BaseTest:25 - Attempting to log in with provided credentials.
2024-10-12 14:06:27.934 [main] INFO  LoginPage:27 - Waiting for username field to be visible
2024-10-12 14:06:32.168 [main] INFO  LoginPage:29 - Username field is now visible
2024-10-12 14:06:33.310 [main] INFO  LoginPage:34 - Username inserted successfully
2024-10-12 14:06:33.455 [main] INFO  LoginPage:38 - Password inserted successfully
2024-10-12 14:06:43.699 [main] INFO  LoginPage:42 - Signed in successfully
2024-10-12 14:06:43.700 [main] INFO  BaseTest:27 - Login successful.
2024-10-12 14:06:47.715 [main] INFO  MenuIcon:27 - Waiting for menu icon to appear
2024-10-12 14:06:47.851 [main] INFO  MenuIcon:29 - Menu icon clicked
2024-10-12 14:06:47.851 [main] INFO  BaseTest:42 - Clicked on menu icon.
2024-10-12 14:06:51.972 [main] INFO  CentralSetUp:32 - CRS RCY menu clicked
2024-10-12 14:07:07.308 [main] INFO  CentralSetUp:47 - Switched to new tab. The title of the new tab is: CruisePAL CRS
2024-10-12 14:07:07.308 [main] INFO  BaseTest:57 - Clicked on 'CRS RCY' to open a new tab.
2024-10-12 14:07:07.308 [main] INFO  BaseTest:58 - Switched to the new tab successfully.
2024-10-12 14:07:10.344 [main] INFO  Agency:45 - Clicking on Agencies field.
2024-10-12 14:07:13.353 [main] INFO  Agency:48 - Agencies field clicked successfully.
2024-10-12 14:07:13.353 [main] INFO  BaseTest:72 - Clicked on Agnecy option
2024-10-12 14:07:15.391 [main] INFO  Agency:61 - Total Agents: 55 AgentsEN
2024-10-12 14:07:15.422 [main] INFO  Agency:88 - Agent Name: Fore@123 Supportuser2A
2024-10-12 14:07:15.438 [main] INFO  Agency:88 - Agent Name: C0001231Oct23Agent1
2024-10-12 14:07:15.438 [main] INFO  Agency:88 - Agent Name: C0001231Oct23_2
2024-10-12 14:07:15.454 [main] INFO  Agency:88 - Agent Name: C0001231Oct23_3
2024-10-12 14:07:15.474 [main] INFO  Agency:88 - Agent Name: C0001231Oct23_4
2024-10-12 14:07:15.486 [main] INFO  Agency:88 - Agent Name: C0001231Oct23_5
2024-10-12 14:07:16.164 [main] INFO  Agency:96 - Moving to next set of agents.
-------------------------------------------------
Name: supportuser2
Log Start: 2024-10-12T14:16:02.315871200
Java Version: 21.0.3
Operating System: Windows 11
System Name: LAPTOP-0H4UER3T
-------------------------------------------------

2024-10-12 14:16:05.495 [main] INFO  BaseTest:25 - Attempting to log in with provided credentials.
2024-10-12 14:16:05.503 [main] INFO  LoginPage:27 - Waiting for username field to be visible
2024-10-12 14:16:09.977 [main] INFO  LoginPage:29 - Username field is now visible
2024-10-12 14:16:11.206 [main] INFO  LoginPage:34 - Username inserted successfully
2024-10-12 14:16:11.510 [main] INFO  LoginPage:38 - Password inserted successfully
2024-10-12 14:16:12.111 [main] INFO  LoginPage:42 - Signed in successfully
2024-10-12 14:16:12.111 [main] INFO  BaseTest:27 - Login successful.
2024-10-12 14:16:16.149 [main] INFO  MenuIcon:27 - Waiting for menu icon to appear
2024-10-12 14:16:24.928 [main] INFO  MenuIcon:29 - Menu icon clicked
2024-10-12 14:16:24.929 [main] INFO  BaseTest:42 - Clicked on menu icon.
2024-10-12 14:16:29.238 [main] INFO  CentralSetUp:32 - CRS RCY menu clicked
2024-10-12 14:16:40.826 [main] INFO  CentralSetUp:47 - Switched to new tab. The title of the new tab is: CruisePAL CRS
2024-10-12 14:16:40.826 [main] INFO  BaseTest:57 - Clicked on 'CRS RCY' to open a new tab.
2024-10-12 14:16:40.826 [main] INFO  BaseTest:58 - Switched to the new tab successfully.
2024-10-12 14:16:43.878 [main] INFO  Agency:45 - Clicking on Agencies field.
2024-10-12 14:16:48.993 [main] INFO  Agency:48 - Agencies field clicked successfully.
2024-10-12 14:16:48.993 [main] INFO  BaseTest:72 - Clicked on Agnecy option
2024-10-12 14:16:54.544 [main] INFO  Agency:61 - Total Agents: 55 AgentsEN
2024-10-12 14:16:54.946 [main] INFO  Agency:88 - Agent Name: Fore@123 Supportuser2A
2024-10-12 14:16:54.970 [main] INFO  Agency:88 - Agent Name: C0001231Oct23Agent1
2024-10-12 14:16:54.985 [main] INFO  Agency:88 - Agent Name: C0001231Oct23_2
2024-10-12 14:16:55.012 [main] INFO  Agency:88 - Agent Name: C0001231Oct23_3
2024-10-12 14:16:55.037 [main] INFO  Agency:88 - Agent Name: C0001231Oct23_4
2024-10-12 14:16:55.064 [main] INFO  Agency:88 - Agent Name: C0001231Oct23_5
2024-10-12 14:16:56.207 [main] INFO  Agency:96 - Moving to next set of agents.
2024-10-12 14:17:26.535 [main] INFO  Agency:108 - No more pagination or move right button found. All agents loaded.
2024-10-12 14:17:26.548 [main] WARN  Agency:122 - Mismatch in total agents. Expected: 55, Found: 6
2024-10-12 14:17:26.548 [main] INFO  Agency:125 - Retrieved Agent: Fore@123 Supportuser2A
2024-10-12 14:17:26.548 [main] INFO  Agency:125 - Retrieved Agent: C0001231Oct23Agent1
2024-10-12 14:17:26.550 [main] INFO  Agency:125 - Retrieved Agent: C0001231Oct23_2
2024-10-12 14:17:26.550 [main] INFO  Agency:125 - Retrieved Agent: C0001231Oct23_3
2024-10-12 14:17:26.551 [main] INFO  Agency:125 - Retrieved Agent: C0001231Oct23_4
2024-10-12 14:17:26.551 [main] INFO  Agency:125 - Retrieved Agent: C0001231Oct23_5
2024-10-12 14:17:26.552 [main] INFO  BaseTest:81 - Agencies listed
2024-10-12 14:17:28.552 [main] INFO  Agency:139 - Attempting to select agent: Fore@123 Supportuser2A
2024-10-12 14:17:29.835 [main] INFO  BaseTest:90 - Agent selected 
-------------------------------------------------
Log End: 2024-10-12T14:17:30.771266900
-------------------------------------------------

2024-10-12 14:20:28.855 [main] ERROR Agency:126 - Error in agent method: disconnected: Unable to receive message from renderer
  (failed to check if window was closed: disconnected: not connected to DevTools)
  (Session info: chrome=129.0.6668.100)
Build info: version: '4.25.0', revision: '8a8aea2337'
System info: os.name: 'Windows 11', os.arch: 'amd64', os.version: '10.0', java.version: '21.0.3'
Driver info: org.openqa.selenium.chrome.ChromeDriver
Command: [2aebfec520c04ef43551a72577310e08, findElements {using=xpath, value=//label[@class='fs-14 text-truncate']}]
Capabilities {acceptInsecureCerts: false, browserName: chrome, browserVersion: 129.0.6668.100, chrome: {chromedriverVersion: 129.0.6668.100 (cf58cba358d..., userDataDir: C:\Users\EFFIAS~1\AppData\L...}, fedcm:accounts: true, goog:chromeOptions: {debuggerAddress: localhost:60942}, networkConnectionEnabled: false, pageLoadStrategy: normal, platformName: windows, proxy: Proxy(), se:cdp: ws://localhost:60942/devtoo..., se:cdpVersion: 129.0.6668.100, setWindowRect: true, strictFileInteractability: false, timeouts: {implicit: 0, pageLoad: 300000, script: 30000}, unhandledPromptBehavior: dismiss and notify, webauthn:extension:credBlob: true, webauthn:extension:largeBlob: true, webauthn:extension:minPinLength: true, webauthn:extension:prf: true, webauthn:virtualAuthenticators: true}
Session ID: 2aebfec520c04ef43551a72577310e08
org.openqa.selenium.WebDriverException: disconnected: Unable to receive message from renderer
  (failed to check if window was closed: disconnected: not connected to DevTools)
  (Session info: chrome=129.0.6668.100)
Build info: version: '4.25.0', revision: '8a8aea2337'
System info: os.name: 'Windows 11', os.arch: 'amd64', os.version: '10.0', java.version: '21.0.3'
Driver info: org.openqa.selenium.chrome.ChromeDriver
Command: [2aebfec520c04ef43551a72577310e08, findElements {using=xpath, value=//label[@class='fs-14 text-truncate']}]
Capabilities {acceptInsecureCerts: false, browserName: chrome, browserVersion: 129.0.6668.100, chrome: {chromedriverVersion: 129.0.6668.100 (cf58cba358d..., userDataDir: C:\Users\EFFIAS~1\AppData\L...}, fedcm:accounts: true, goog:chromeOptions: {debuggerAddress: localhost:60942}, networkConnectionEnabled: false, pageLoadStrategy: normal, platformName: windows, proxy: Proxy(), se:cdp: ws://localhost:60942/devtoo..., se:cdpVersion: 129.0.6668.100, setWindowRect: true, strictFileInteractability: false, timeouts: {implicit: 0, pageLoad: 300000, script: 30000}, unhandledPromptBehavior: dismiss and notify, webauthn:extension:credBlob: true, webauthn:extension:largeBlob: true, webauthn:extension:minPinLength: true, webauthn:extension:prf: true, webauthn:virtualAuthenticators: true}
Session ID: 2aebfec520c04ef43551a72577310e08
	at jdk.internal.reflect.DirectConstructorHandleAccessor.newInstance(DirectConstructorHandleAccessor.java:62) ~[?:?]
	at java.lang.reflect.Constructor.newInstanceWithCaller(Constructor.java:502) ~[?:?]
	at java.lang.reflect.Constructor.newInstance(Constructor.java:486) ~[?:?]
	at org.openqa.selenium.remote.ErrorCodec.decode(ErrorCodec.java:167) ~[selenium-remote-driver-4.25.0.jar:?]
	at org.openqa.selenium.remote.codec.w3c.W3CHttpResponseCodec.decode(W3CHttpResponseCodec.java:138) ~[selenium-remote-driver-4.25.0.jar:?]
	at org.openqa.selenium.remote.codec.w3c.W3CHttpResponseCodec.decode(W3CHttpResponseCodec.java:50) ~[selenium-remote-driver-4.25.0.jar:?]
	at org.openqa.selenium.remote.HttpCommandExecutor.execute(HttpCommandExecutor.java:190) ~[selenium-remote-driver-4.25.0.jar:?]
	at org.openqa.selenium.remote.service.DriverCommandExecutor.invokeExecute(DriverCommandExecutor.java:216) ~[selenium-remote-driver-4.25.0.jar:?]
	at org.openqa.selenium.remote.service.DriverCommandExecutor.execute(DriverCommandExecutor.java:174) ~[selenium-remote-driver-4.25.0.jar:?]
	at org.openqa.selenium.remote.RemoteWebDriver.execute(RemoteWebDriver.java:545) ~[selenium-remote-driver-4.25.0.jar:?]
	at org.openqa.selenium.remote.ElementLocation$ElementFinder$2.findElements(ElementLocation.java:182) ~[selenium-remote-driver-4.25.0.jar:?]
	at org.openqa.selenium.remote.ElementLocation.findElements(ElementLocation.java:103) ~[selenium-remote-driver-4.25.0.jar:?]
	at org.openqa.selenium.remote.RemoteWebDriver.findElements(RemoteWebDriver.java:381) ~[selenium-remote-driver-4.25.0.jar:?]
	at org.openqa.selenium.remote.RemoteWebDriver.findElements(RemoteWebDriver.java:375) ~[selenium-remote-driver-4.25.0.jar:?]
	at pages.Agency.agent(Agency.java:77) ~[test-classes/:?]
	at tests.BookingTest.agent(BookingTest.java:80) ~[test-classes/:?]
	at jdk.internal.reflect.DirectMethodHandleAccessor.invoke(DirectMethodHandleAccessor.java:103) ~[?:?]
	at java.lang.reflect.Method.invoke(Method.java:580) ~[?:?]
	at org.testng.internal.invokers.MethodInvocationHelper.invokeMethod(MethodInvocationHelper.java:141) ~[testng-7.10.0.jar:7.10.0]
	at org.testng.internal.invokers.TestInvoker.invokeMethod(TestInvoker.java:686) ~[testng-7.10.0.jar:7.10.0]
	at org.testng.internal.invokers.TestInvoker.invokeTestMethod(TestInvoker.java:230) ~[testng-7.10.0.jar:7.10.0]
	at org.testng.internal.invokers.MethodRunner.runInSequence(MethodRunner.java:63) ~[testng-7.10.0.jar:7.10.0]
	at org.testng.internal.invokers.TestInvoker$MethodInvocationAgent.invoke(TestInvoker.java:992) ~[testng-7.10.0.jar:7.10.0]
	at org.testng.internal.invokers.TestInvoker.invokeTestMethods(TestInvoker.java:203) ~[testng-7.10.0.jar:7.10.0]
	at org.testng.internal.invokers.TestMethodWorker.invokeTestMethods(TestMethodWorker.java:154) ~[testng-7.10.0.jar:7.10.0]
	at org.testng.internal.invokers.TestMethodWorker.run(TestMethodWorker.java:134) ~[testng-7.10.0.jar:7.10.0]
	at java.util.ArrayList.forEach(ArrayList.java:1596) [?:?]
	at org.testng.TestRunner.privateRun(TestRunner.java:739) [testng-7.10.0.jar:7.10.0]
	at org.testng.TestRunner.run(TestRunner.java:614) [testng-7.10.0.jar:7.10.0]
	at org.testng.SuiteRunner.runTest(SuiteRunner.java:421) [testng-7.10.0.jar:7.10.0]
	at org.testng.SuiteRunner.runSequentially(SuiteRunner.java:413) [testng-7.10.0.jar:7.10.0]
	at org.testng.SuiteRunner.privateRun(SuiteRunner.java:373) [testng-7.10.0.jar:7.10.0]
	at org.testng.SuiteRunner.run(SuiteRunner.java:312) [testng-7.10.0.jar:7.10.0]
	at org.testng.SuiteRunnerWorker.runSuite(SuiteRunnerWorker.java:52) [testng-7.10.0.jar:7.10.0]
	at org.testng.SuiteRunnerWorker.run(SuiteRunnerWorker.java:95) [testng-7.10.0.jar:7.10.0]
	at org.testng.TestNG.runSuitesSequentially(TestNG.java:1274) [testng-7.10.0.jar:7.10.0]
	at org.testng.TestNG.runSuitesLocally(TestNG.java:1208) [testng-7.10.0.jar:7.10.0]
	at org.testng.TestNG.runSuites(TestNG.java:1112) [testng-7.10.0.jar:7.10.0]
	at org.testng.TestNG.run(TestNG.java:1079) [testng-7.10.0.jar:7.10.0]
	at org.testng.remote.AbstractRemoteTestNG.run(AbstractRemoteTestNG.java:115) [testng-remote.jar:?]
	at org.testng.remote.RemoteTestNG.initAndRun(RemoteTestNG.java:293) [testng-remote.jar:?]
	at org.testng.remote.RemoteTestNG.main(RemoteTestNG.java:91) [testng-remote.jar:?]
-------------------------------------------------
Log End: 2024-10-12T14:20:35.464973300
-------------------------------------------------

-------------------------------------------------
Name: supportuser2
Log Start: 2024-10-12T22:31:08.934810
Java Version: 21.0.3
Operating System: Windows 11
System Name: LAPTOP-0H4UER3T
-------------------------------------------------

2024-10-12 22:31:11.687 [main] INFO  BaseTest:25 - Attempting to log in with provided credentials.
2024-10-12 22:31:11.691 [main] INFO  LoginPage:27 - Waiting for username field to be visible
2024-10-12 22:32:07.552 [main] INFO  LoginPage:29 - Username field is now visible
2024-10-12 22:32:08.787 [main] INFO  LoginPage:34 - Username inserted successfully
2024-10-12 22:32:08.962 [main] INFO  LoginPage:38 - Password inserted successfully
2024-10-12 22:32:20.785 [main] INFO  LoginPage:42 - Signed in successfully
2024-10-12 22:32:20.786 [main] INFO  BaseTest:27 - Login successful.
2024-10-12 22:32:24.837 [main] INFO  MenuIcon:27 - Waiting for menu icon to appear
2024-10-12 22:32:24.980 [main] INFO  MenuIcon:29 - Menu icon clicked
2024-10-12 22:32:24.980 [main] INFO  BaseTest:42 - Clicked on menu icon.
2024-10-12 22:32:29.184 [main] INFO  CentralSetUp:32 - CRS RCY menu clicked
2024-10-12 22:32:32.458 [main] INFO  CentralSetUp:47 - Switched to new tab. The title of the new tab is: CruisePAL CRS
2024-10-12 22:32:32.458 [main] INFO  BaseTest:57 - Clicked on 'CRS RCY' to open a new tab.
2024-10-12 22:32:32.458 [main] INFO  BaseTest:58 - Switched to the new tab successfully.
2024-10-12 22:32:35.492 [main] INFO  Agency:45 - Clicking on Agencies field.
2024-10-12 22:33:04.382 [main] INFO  Agency:48 - Agencies field clicked successfully.
2024-10-12 22:33:04.384 [main] INFO  BaseTest:72 - Clicked on Agnecy option
2024-10-12 22:33:06.388 [main] INFO  Agency:59 - Extracting total agents and retrieving agent names.
2024-10-12 22:33:06.466 [main] INFO  Agency:75 - Total agents found: 55
2024-10-12 22:33:06.502 [main] INFO  Agency:86 - Retrieved agent: Fore@123 Supportuser2A
2024-10-12 22:33:06.514 [main] INFO  Agency:86 - Retrieved agent: C0001231Oct23Agent1
2024-10-12 22:33:06.530 [main] INFO  Agency:86 - Retrieved agent: C0001231Oct23_2
2024-10-12 22:33:06.550 [main] INFO  Agency:86 - Retrieved agent: C0001231Oct23_3
2024-10-12 22:33:06.562 [main] INFO  Agency:86 - Retrieved agent: C0001231Oct23_4
2024-10-12 22:33:06.593 [main] INFO  Agency:86 - Retrieved agent: C0001231Oct23_5
2024-10-12 22:33:06.609 [main] INFO  Agency:86 - Retrieved agent: 
2024-10-12 22:33:07.322 [main] INFO  Agency:95 - Clicked the 'Move Right' button to load more agents.
2024-10-12 22:33:08.118 [main] INFO  Agency:86 - Retrieved agent: 123 C0001231Oct23_6
2024-10-12 22:33:08.135 [main] INFO  Agency:86 - Retrieved agent: C0001231Oct23_2 C0001231Oct23_7
2024-10-12 22:33:08.142 [main] INFO  Agency:86 - Retrieved agent: C0001231Oct23_8 C0001231Oct23_8
2024-10-12 22:33:08.191 [main] INFO  Agency:86 - Retrieved agent: C0001231Oct23_9 C0001231Oct23_9
2024-10-12 22:33:08.992 [main] INFO  Agency:95 - Clicked the 'Move Right' button to load more agents.
2024-10-12 22:33:09.801 [main] INFO  Agency:86 - Retrieved agent: C0001231Oct23_10 C0001231Oct23_10
2024-10-12 22:33:09.816 [main] INFO  Agency:86 - Retrieved agent: Tannu Mohit
2024-10-12 22:33:09.832 [main] INFO  Agency:86 - Retrieved agent: Mohit Taanu
2024-10-12 22:33:09.839 [main] INFO  Agency:86 - Retrieved agent: risi ragava
2024-10-12 22:33:10.617 [main] INFO  Agency:95 - Clicked the 'Move Right' button to load more agents.
2024-10-12 22:33:11.496 [main] INFO  Agency:86 - Retrieved agent: jnu
2024-10-12 22:33:11.505 [main] INFO  Agency:86 - Retrieved agent: Tannu
2024-10-12 22:33:11.519 [main] INFO  Agency:86 - Retrieved agent: sanMohit
2024-10-12 22:33:11.528 [main] INFO  Agency:86 - Retrieved agent: sdf
2024-10-12 22:33:12.151 [main] INFO  Agency:95 - Clicked the 'Move Right' button to load more agents.
2024-10-12 22:33:13.159 [main] INFO  Agency:86 - Retrieved agent: 1122
2024-10-12 22:33:13.169 [main] INFO  Agency:86 - Retrieved agent: wwww
2024-10-12 22:33:13.185 [main] INFO  Agency:86 - Retrieved agent: www
2024-10-12 22:33:13.198 [main] INFO  Agency:86 - Retrieved agent: san
2024-10-12 22:33:13.792 [main] INFO  Agency:95 - Clicked the 'Move Right' button to load more agents.
2024-10-12 22:33:14.995 [main] INFO  Agency:86 - Retrieved agent: testing
2024-10-12 22:33:15.013 [main] INFO  Agency:86 - Retrieved agent: eee
2024-10-12 22:33:15.024 [main] INFO  Agency:86 - Retrieved agent: gvfb
2024-10-12 22:33:15.041 [main] INFO  Agency:86 - Retrieved agent: Mohit
2024-10-12 22:33:15.618 [main] INFO  Agency:95 - Clicked the 'Move Right' button to load more agents.
2024-10-12 22:33:16.864 [main] INFO  Agency:86 - Retrieved agent: vbb
2024-10-12 22:33:16.876 [main] INFO  Agency:86 - Retrieved agent: dfer
2024-10-12 22:33:16.884 [main] INFO  Agency:86 - Retrieved agent: Pooja Zingoni
2024-10-12 22:33:17.160 [main] INFO  Agency:95 - Clicked the 'Move Right' button to load more agents.
2024-10-12 22:33:18.978 [main] INFO  Agency:86 - Retrieved agent: Pooja Gavali
2024-10-12 22:33:19.003 [main] INFO  Agency:86 - Retrieved agent: suresh kumar
2024-10-12 22:33:19.013 [main] INFO  Agency:86 - Retrieved agent: prasantaa sadana
2024-10-12 22:33:19.382 [main] INFO  Agency:95 - Clicked the 'Move Right' button to load more agents.
2024-10-12 22:33:20.529 [main] INFO  Agency:86 - Retrieved agent: priyaka
2024-10-12 22:33:20.545 [main] INFO  Agency:86 - Retrieved agent: mohit
2024-10-12 22:33:21.173 [main] INFO  Agency:95 - Clicked the 'Move Right' button to load more agents.
2024-10-12 22:33:23.933 [main] INFO  Agency:86 - Retrieved agent: Mohit123
2024-10-12 22:33:23.958 [main] INFO  Agency:86 - Retrieved agent: John12
2024-10-12 22:33:23.980 [main] INFO  Agency:86 - Retrieved agent: fgf
2024-10-12 22:33:24.000 [main] INFO  Agency:86 - Retrieved agent: dippp
2024-10-12 22:33:24.536 [main] INFO  Agency:95 - Clicked the 'Move Right' button to load more agents.
2024-10-12 22:33:27.715 [main] INFO  Agency:86 - Retrieved agent: Immu
2024-10-12 22:33:28.229 [main] INFO  Agency:95 - Clicked the 'Move Right' button to load more agents.
2024-10-12 22:33:31.166 [main] INFO  Agency:86 - Retrieved agent: 444
2024-10-12 22:33:31.175 [main] INFO  Agency:86 - Retrieved agent: 666
2024-10-12 22:33:31.430 [main] INFO  Agency:95 - Clicked the 'Move Right' button to load more agents.
2024-10-12 22:33:34.446 [main] INFO  Agency:86 - Retrieved agent: Testing223
2024-10-12 22:33:34.463 [main] INFO  Agency:86 - Retrieved agent: Test12
2024-10-12 22:33:34.480 [main] INFO  Agency:86 - Retrieved agent: santer
2024-10-12 22:33:34.499 [main] INFO  Agency:86 - Retrieved agent: wer
2024-10-12 22:33:34.759 [main] INFO  Agency:95 - Clicked the 'Move Right' button to load more agents.
2024-10-12 22:33:37.668 [main] INFO  Agency:86 - Retrieved agent: MohitTannu
2024-10-12 22:33:37.678 [main] INFO  Agency:86 - Retrieved agent: Fore@123 SriAgent15Jul_1
2024-10-12 22:33:37.851 [main] INFO  Agency:95 - Clicked the 'Move Right' button to load more agents.
2024-10-12 22:34:10.272 [main] ERROR Agency:97 - Failed to click 'Move Right' button: Expected condition failed: waiting for element to be clickable: By.xpath: //a[@class='move-btn move-right'] (tried for 30 second(s) with 500 milliseconds interval)
Build info: version: '4.25.0', revision: '8a8aea2337'
System info: os.name: 'Windows 11', os.arch: 'amd64', os.version: '10.0', java.version: '21.0.3'
Driver info: org.openqa.selenium.chrome.ChromeDriver
Capabilities {acceptInsecureCerts: false, browserName: chrome, browserVersion: 129.0.6668.100, chrome: {chromedriverVersion: 129.0.6668.100 (cf58cba358d..., userDataDir: C:\Users\EFFIAS~1\AppData\L...}, fedcm:accounts: true, goog:chromeOptions: {debuggerAddress: localhost:62623}, networkConnectionEnabled: false, pageLoadStrategy: normal, platformName: windows, proxy: Proxy(), se:cdp: ws://localhost:62623/devtoo..., se:cdpVersion: 129.0.6668.100, setWindowRect: true, strictFileInteractability: false, timeouts: {implicit: 0, pageLoad: 300000, script: 30000}, unhandledPromptBehavior: dismiss and notify, webauthn:extension:credBlob: true, webauthn:extension:largeBlob: true, webauthn:extension:minPinLength: true, webauthn:extension:prf: true, webauthn:virtualAuthenticators: true}
Session ID: eeab59ce905ab70fd99e5e4f65d2d163
org.openqa.selenium.TimeoutException: Expected condition failed: waiting for element to be clickable: By.xpath: //a[@class='move-btn move-right'] (tried for 30 second(s) with 500 milliseconds interval)
Build info: version: '4.25.0', revision: '8a8aea2337'
System info: os.name: 'Windows 11', os.arch: 'amd64', os.version: '10.0', java.version: '21.0.3'
Driver info: org.openqa.selenium.chrome.ChromeDriver
Capabilities {acceptInsecureCerts: false, browserName: chrome, browserVersion: 129.0.6668.100, chrome: {chromedriverVersion: 129.0.6668.100 (cf58cba358d..., userDataDir: C:\Users\EFFIAS~1\AppData\L...}, fedcm:accounts: true, goog:chromeOptions: {debuggerAddress: localhost:62623}, networkConnectionEnabled: false, pageLoadStrategy: normal, platformName: windows, proxy: Proxy(), se:cdp: ws://localhost:62623/devtoo..., se:cdpVersion: 129.0.6668.100, setWindowRect: true, strictFileInteractability: false, timeouts: {implicit: 0, pageLoad: 300000, script: 30000}, unhandledPromptBehavior: dismiss and notify, webauthn:extension:credBlob: true, webauthn:extension:largeBlob: true, webauthn:extension:minPinLength: true, webauthn:extension:prf: true, webauthn:virtualAuthenticators: true}
Session ID: eeab59ce905ab70fd99e5e4f65d2d163
	at org.openqa.selenium.support.ui.WebDriverWait.timeoutException(WebDriverWait.java:84) ~[selenium-support-4.25.0.jar:?]
	at org.openqa.selenium.support.ui.FluentWait.until(FluentWait.java:228) ~[selenium-support-4.25.0.jar:?]
	at pages.Agency.agent(Agency.java:93) ~[test-classes/:?]
	at tests.BookingTest.agent(BookingTest.java:80) ~[test-classes/:?]
	at jdk.internal.reflect.DirectMethodHandleAccessor.invoke(DirectMethodHandleAccessor.java:103) ~[?:?]
	at java.lang.reflect.Method.invoke(Method.java:580) ~[?:?]
	at org.testng.internal.invokers.MethodInvocationHelper.invokeMethod(MethodInvocationHelper.java:141) ~[testng-7.10.0.jar:7.10.0]
	at org.testng.internal.invokers.TestInvoker.invokeMethod(TestInvoker.java:686) ~[testng-7.10.0.jar:7.10.0]
	at org.testng.internal.invokers.TestInvoker.invokeTestMethod(TestInvoker.java:230) ~[testng-7.10.0.jar:7.10.0]
	at org.testng.internal.invokers.MethodRunner.runInSequence(MethodRunner.java:63) ~[testng-7.10.0.jar:7.10.0]
	at org.testng.internal.invokers.TestInvoker$MethodInvocationAgent.invoke(TestInvoker.java:992) ~[testng-7.10.0.jar:7.10.0]
	at org.testng.internal.invokers.TestInvoker.invokeTestMethods(TestInvoker.java:203) ~[testng-7.10.0.jar:7.10.0]
	at org.testng.internal.invokers.TestMethodWorker.invokeTestMethods(TestMethodWorker.java:154) ~[testng-7.10.0.jar:7.10.0]
	at org.testng.internal.invokers.TestMethodWorker.run(TestMethodWorker.java:134) ~[testng-7.10.0.jar:7.10.0]
	at java.util.ArrayList.forEach(ArrayList.java:1596) [?:?]
	at org.testng.TestRunner.privateRun(TestRunner.java:739) [testng-7.10.0.jar:7.10.0]
	at org.testng.TestRunner.run(TestRunner.java:614) [testng-7.10.0.jar:7.10.0]
	at org.testng.SuiteRunner.runTest(SuiteRunner.java:421) [testng-7.10.0.jar:7.10.0]
	at org.testng.SuiteRunner.runSequentially(SuiteRunner.java:413) [testng-7.10.0.jar:7.10.0]
	at org.testng.SuiteRunner.privateRun(SuiteRunner.java:373) [testng-7.10.0.jar:7.10.0]
	at org.testng.SuiteRunner.run(SuiteRunner.java:312) [testng-7.10.0.jar:7.10.0]
	at org.testng.SuiteRunnerWorker.runSuite(SuiteRunnerWorker.java:52) [testng-7.10.0.jar:7.10.0]
	at org.testng.SuiteRunnerWorker.run(SuiteRunnerWorker.java:95) [testng-7.10.0.jar:7.10.0]
	at org.testng.TestNG.runSuitesSequentially(TestNG.java:1274) [testng-7.10.0.jar:7.10.0]
	at org.testng.TestNG.runSuitesLocally(TestNG.java:1208) [testng-7.10.0.jar:7.10.0]
	at org.testng.TestNG.runSuites(TestNG.java:1112) [testng-7.10.0.jar:7.10.0]
	at org.testng.TestNG.run(TestNG.java:1079) [testng-7.10.0.jar:7.10.0]
	at org.testng.remote.AbstractRemoteTestNG.run(AbstractRemoteTestNG.java:115) [testng-remote.jar:?]
	at org.testng.remote.RemoteTestNG.initAndRun(RemoteTestNG.java:293) [testng-remote.jar:?]
	at org.testng.remote.RemoteTestNG.main(RemoteTestNG.java:91) [testng-remote.jar:?]
-------------------------------------------------
Log End: 2024-10-12T22:34:11.020906900
-------------------------------------------------

-------------------------------------------------
Name: supportuser2
Log Start: 2024-10-12T22:36:47.926299400
Java Version: 21.0.3
Operating System: Windows 11
System Name: LAPTOP-0H4UER3T
-------------------------------------------------

2024-10-12 22:36:49.634 [main] INFO  BaseTest:25 - Attempting to log in with provided credentials.
2024-10-12 22:36:49.636 [main] INFO  LoginPage:27 - Waiting for username field to be visible
2024-10-12 22:36:53.345 [main] INFO  LoginPage:29 - Username field is now visible
2024-10-12 22:36:54.467 [main] INFO  LoginPage:34 - Username inserted successfully
2024-10-12 22:36:54.566 [main] INFO  LoginPage:38 - Password inserted successfully
2024-10-12 22:36:58.683 [main] INFO  LoginPage:42 - Signed in successfully
2024-10-12 22:36:58.683 [main] INFO  BaseTest:27 - Login successful.
2024-10-12 22:37:02.728 [main] INFO  MenuIcon:27 - Waiting for menu icon to appear
2024-10-12 22:37:02.863 [main] INFO  MenuIcon:29 - Menu icon clicked
2024-10-12 22:37:02.868 [main] INFO  BaseTest:42 - Clicked on menu icon.
2024-10-12 22:37:07.005 [main] INFO  CentralSetUp:32 - CRS RCY menu clicked
2024-10-12 22:37:11.468 [main] INFO  CentralSetUp:47 - Switched to new tab. The title of the new tab is: CruisePAL CRS
2024-10-12 22:37:11.468 [main] INFO  BaseTest:57 - Clicked on 'CRS RCY' to open a new tab.
2024-10-12 22:37:11.475 [main] INFO  BaseTest:58 - Switched to the new tab successfully.
2024-10-12 22:37:14.509 [main] INFO  Agency:45 - Clicking on Agencies field.
2024-10-12 22:37:16.984 [main] INFO  Agency:48 - Agencies field clicked successfully.
2024-10-12 22:37:16.986 [main] INFO  BaseTest:72 - Clicked on Agnecy option
2024-10-12 22:37:18.992 [main] INFO  Agency:60 - Extracting total agents and retrieving agent names.
2024-10-12 22:37:19.045 [main] INFO  Agency:76 - Total agents found: 55
2024-10-12 22:37:19.079 [main] INFO  Agency:87 - Retrieved agent: Fore@123 Supportuser2A
2024-10-12 22:37:19.093 [main] INFO  Agency:87 - Retrieved agent: C0001231Oct23Agent1
2024-10-12 22:37:19.106 [main] INFO  Agency:87 - Retrieved agent: C0001231Oct23_2
2024-10-12 22:37:19.115 [main] INFO  Agency:87 - Retrieved agent: C0001231Oct23_3
2024-10-12 22:37:19.125 [main] INFO  Agency:87 - Retrieved agent: C0001231Oct23_4
2024-10-12 22:37:19.135 [main] INFO  Agency:87 - Retrieved agent: C0001231Oct23_5
2024-10-12 22:37:19.145 [main] INFO  Agency:87 - Retrieved agent: 
2024-10-12 22:37:20.273 [main] INFO  Agency:97 - Clicked the 'Move Right' button to load more agents.
2024-10-12 22:37:21.276 [main] INFO  Agency:87 - Retrieved agent: 123 C0001231Oct23_6
2024-10-12 22:37:21.282 [main] INFO  Agency:87 - Retrieved agent: C0001231Oct23_2 C0001231Oct23_7
2024-10-12 22:37:21.291 [main] INFO  Agency:87 - Retrieved agent: C0001231Oct23_8 C0001231Oct23_8
2024-10-12 22:37:21.307 [main] INFO  Agency:87 - Retrieved agent: C0001231Oct23_9 C0001231Oct23_9
2024-10-12 22:37:22.010 [main] INFO  Agency:97 - Clicked the 'Move Right' button to load more agents.
2024-10-12 22:37:22.906 [main] INFO  Agency:87 - Retrieved agent: C0001231Oct23_10 C0001231Oct23_10
2024-10-12 22:37:22.922 [main] INFO  Agency:87 - Retrieved agent: Tannu Mohit
2024-10-12 22:37:22.922 [main] INFO  Agency:87 - Retrieved agent: Mohit Taanu
2024-10-12 22:37:22.938 [main] INFO  Agency:87 - Retrieved agent: risi ragava
2024-10-12 22:37:23.659 [main] INFO  Agency:97 - Clicked the 'Move Right' button to load more agents.
2024-10-12 22:37:24.704 [main] INFO  Agency:87 - Retrieved agent: jnu
2024-10-12 22:37:24.704 [main] INFO  Agency:87 - Retrieved agent: Tannu
2024-10-12 22:37:24.720 [main] INFO  Agency:87 - Retrieved agent: sanMohit
2024-10-12 22:37:24.720 [main] INFO  Agency:87 - Retrieved agent: sdf
2024-10-12 22:37:25.309 [main] INFO  Agency:97 - Clicked the 'Move Right' button to load more agents.
2024-10-12 22:37:26.543 [main] INFO  Agency:87 - Retrieved agent: 1122
2024-10-12 22:37:26.559 [main] INFO  Agency:87 - Retrieved agent: wwww
2024-10-12 22:37:26.575 [main] INFO  Agency:87 - Retrieved agent: www
2024-10-12 22:37:26.575 [main] INFO  Agency:87 - Retrieved agent: san
2024-10-12 22:37:27.071 [main] INFO  Agency:97 - Clicked the 'Move Right' button to load more agents.
2024-10-12 22:37:28.098 [main] INFO  Agency:87 - Retrieved agent: testing
2024-10-12 22:37:28.113 [main] INFO  Agency:87 - Retrieved agent: eee
2024-10-12 22:37:28.129 [main] INFO  Agency:87 - Retrieved agent: gvfb
2024-10-12 22:37:28.129 [main] INFO  Agency:87 - Retrieved agent: Mohit
2024-10-12 22:37:28.492 [main] INFO  Agency:97 - Clicked the 'Move Right' button to load more agents.
2024-10-12 22:37:29.501 [main] INFO  Agency:87 - Retrieved agent: vbb
2024-10-12 22:37:29.508 [main] INFO  Agency:87 - Retrieved agent: dfer
2024-10-12 22:37:29.518 [main] INFO  Agency:87 - Retrieved agent: Pooja Zingoni
2024-10-12 22:37:29.965 [main] INFO  Agency:97 - Clicked the 'Move Right' button to load more agents.
2024-10-12 22:37:31.128 [main] INFO  Agency:87 - Retrieved agent: Pooja Gavali
2024-10-12 22:37:31.144 [main] INFO  Agency:87 - Retrieved agent: suresh kumar
2024-10-12 22:37:31.159 [main] INFO  Agency:87 - Retrieved agent: prasantaa sadana
2024-10-12 22:37:31.791 [main] INFO  Agency:97 - Clicked the 'Move Right' button to load more agents.
2024-10-12 22:37:33.147 [main] INFO  Agency:87 - Retrieved agent: priyaka
2024-10-12 22:37:33.163 [main] INFO  Agency:87 - Retrieved agent: mohit
2024-10-12 22:37:33.691 [main] INFO  Agency:97 - Clicked the 'Move Right' button to load more agents.
2024-10-12 22:37:35.078 [main] INFO  Agency:87 - Retrieved agent: Mohit123
2024-10-12 22:37:35.094 [main] INFO  Agency:87 - Retrieved agent: John12
2024-10-12 22:37:35.110 [main] INFO  Agency:87 - Retrieved agent: fgf
2024-10-12 22:37:35.126 [main] INFO  Agency:87 - Retrieved agent: dippp
2024-10-12 22:37:35.541 [main] INFO  Agency:97 - Clicked the 'Move Right' button to load more agents.
2024-10-12 22:37:36.997 [main] INFO  Agency:87 - Retrieved agent: Immu
2024-10-12 22:37:37.332 [main] INFO  Agency:97 - Clicked the 'Move Right' button to load more agents.
2024-10-12 22:37:38.943 [main] INFO  Agency:87 - Retrieved agent: 444
2024-10-12 22:37:38.957 [main] INFO  Agency:87 - Retrieved agent: 666
2024-10-12 22:37:39.200 [main] INFO  Agency:97 - Clicked the 'Move Right' button to load more agents.
2024-10-12 22:37:40.390 [main] INFO  Agency:87 - Retrieved agent: Testing223
2024-10-12 22:37:40.398 [main] INFO  Agency:87 - Retrieved agent: Test12
2024-10-12 22:37:40.405 [main] INFO  Agency:87 - Retrieved agent: santer
2024-10-12 22:37:40.408 [main] INFO  Agency:87 - Retrieved agent: wer
2024-10-12 22:37:40.501 [main] INFO  Agency:97 - Clicked the 'Move Right' button to load more agents.
2024-10-12 22:37:42.279 [main] INFO  Agency:87 - Retrieved agent: MohitTannu
2024-10-12 22:37:42.294 [main] INFO  Agency:87 - Retrieved agent: Fore@123 SriAgent15Jul_1
2024-10-12 22:37:42.417 [main] INFO  Agency:97 - Clicked the 'Move Right' button to load more agents.
2024-10-12 22:38:13.947 [main] ERROR Agency:103 - Failed to click 'Move Right' button: Expected condition failed: waiting for visibility of element located by By.xpath: //a[@class='move-btn move-right'] (tried for 30 second(s) with 500 milliseconds interval)
Build info: version: '4.25.0', revision: '8a8aea2337'
System info: os.name: 'Windows 11', os.arch: 'amd64', os.version: '10.0', java.version: '21.0.3'
Driver info: org.openqa.selenium.chrome.ChromeDriver
Capabilities {acceptInsecureCerts: false, browserName: chrome, browserVersion: 129.0.6668.100, chrome: {chromedriverVersion: 129.0.6668.100 (cf58cba358d..., userDataDir: C:\Users\EFFIAS~1\AppData\L...}, fedcm:accounts: true, goog:chromeOptions: {debuggerAddress: localhost:62672}, networkConnectionEnabled: false, pageLoadStrategy: normal, platformName: windows, proxy: Proxy(), se:cdp: ws://localhost:62672/devtoo..., se:cdpVersion: 129.0.6668.100, setWindowRect: true, strictFileInteractability: false, timeouts: {implicit: 0, pageLoad: 300000, script: 30000}, unhandledPromptBehavior: dismiss and notify, webauthn:extension:credBlob: true, webauthn:extension:largeBlob: true, webauthn:extension:minPinLength: true, webauthn:extension:prf: true, webauthn:virtualAuthenticators: true}
Session ID: c8abe0fa389dd600626861406aa9ee42
org.openqa.selenium.TimeoutException: Expected condition failed: waiting for visibility of element located by By.xpath: //a[@class='move-btn move-right'] (tried for 30 second(s) with 500 milliseconds interval)
Build info: version: '4.25.0', revision: '8a8aea2337'
System info: os.name: 'Windows 11', os.arch: 'amd64', os.version: '10.0', java.version: '21.0.3'
Driver info: org.openqa.selenium.chrome.ChromeDriver
Capabilities {acceptInsecureCerts: false, browserName: chrome, browserVersion: 129.0.6668.100, chrome: {chromedriverVersion: 129.0.6668.100 (cf58cba358d..., userDataDir: C:\Users\EFFIAS~1\AppData\L...}, fedcm:accounts: true, goog:chromeOptions: {debuggerAddress: localhost:62672}, networkConnectionEnabled: false, pageLoadStrategy: normal, platformName: windows, proxy: Proxy(), se:cdp: ws://localhost:62672/devtoo..., se:cdpVersion: 129.0.6668.100, setWindowRect: true, strictFileInteractability: false, timeouts: {implicit: 0, pageLoad: 300000, script: 30000}, unhandledPromptBehavior: dismiss and notify, webauthn:extension:credBlob: true, webauthn:extension:largeBlob: true, webauthn:extension:minPinLength: true, webauthn:extension:prf: true, webauthn:virtualAuthenticators: true}
Session ID: c8abe0fa389dd600626861406aa9ee42
	at org.openqa.selenium.support.ui.WebDriverWait.timeoutException(WebDriverWait.java:84) ~[selenium-support-4.25.0.jar:?]
	at org.openqa.selenium.support.ui.FluentWait.until(FluentWait.java:228) ~[selenium-support-4.25.0.jar:?]
	at pages.Agency.agent(Agency.java:94) ~[test-classes/:?]
	at tests.BookingTest.agent(BookingTest.java:80) ~[test-classes/:?]
	at jdk.internal.reflect.DirectMethodHandleAccessor.invoke(DirectMethodHandleAccessor.java:103) ~[?:?]
	at java.lang.reflect.Method.invoke(Method.java:580) ~[?:?]
	at org.testng.internal.invokers.MethodInvocationHelper.invokeMethod(MethodInvocationHelper.java:141) ~[testng-7.10.0.jar:7.10.0]
	at org.testng.internal.invokers.TestInvoker.invokeMethod(TestInvoker.java:686) ~[testng-7.10.0.jar:7.10.0]
	at org.testng.internal.invokers.TestInvoker.invokeTestMethod(TestInvoker.java:230) ~[testng-7.10.0.jar:7.10.0]
	at org.testng.internal.invokers.MethodRunner.runInSequence(MethodRunner.java:63) ~[testng-7.10.0.jar:7.10.0]
	at org.testng.internal.invokers.TestInvoker$MethodInvocationAgent.invoke(TestInvoker.java:992) ~[testng-7.10.0.jar:7.10.0]
	at org.testng.internal.invokers.TestInvoker.invokeTestMethods(TestInvoker.java:203) ~[testng-7.10.0.jar:7.10.0]
	at org.testng.internal.invokers.TestMethodWorker.invokeTestMethods(TestMethodWorker.java:154) ~[testng-7.10.0.jar:7.10.0]
	at org.testng.internal.invokers.TestMethodWorker.run(TestMethodWorker.java:134) ~[testng-7.10.0.jar:7.10.0]
	at java.util.ArrayList.forEach(ArrayList.java:1596) [?:?]
	at org.testng.TestRunner.privateRun(TestRunner.java:739) [testng-7.10.0.jar:7.10.0]
	at org.testng.TestRunner.run(TestRunner.java:614) [testng-7.10.0.jar:7.10.0]
	at org.testng.SuiteRunner.runTest(SuiteRunner.java:421) [testng-7.10.0.jar:7.10.0]
	at org.testng.SuiteRunner.runSequentially(SuiteRunner.java:413) [testng-7.10.0.jar:7.10.0]
	at org.testng.SuiteRunner.privateRun(SuiteRunner.java:373) [testng-7.10.0.jar:7.10.0]
	at org.testng.SuiteRunner.run(SuiteRunner.java:312) [testng-7.10.0.jar:7.10.0]
	at org.testng.SuiteRunnerWorker.runSuite(SuiteRunnerWorker.java:52) [testng-7.10.0.jar:7.10.0]
	at org.testng.SuiteRunnerWorker.run(SuiteRunnerWorker.java:95) [testng-7.10.0.jar:7.10.0]
	at org.testng.TestNG.runSuitesSequentially(TestNG.java:1274) [testng-7.10.0.jar:7.10.0]
	at org.testng.TestNG.runSuitesLocally(TestNG.java:1208) [testng-7.10.0.jar:7.10.0]
	at org.testng.TestNG.runSuites(TestNG.java:1112) [testng-7.10.0.jar:7.10.0]
	at org.testng.TestNG.run(TestNG.java:1079) [testng-7.10.0.jar:7.10.0]
	at org.testng.remote.AbstractRemoteTestNG.run(AbstractRemoteTestNG.java:115) [testng-remote.jar:?]
	at org.testng.remote.RemoteTestNG.initAndRun(RemoteTestNG.java:293) [testng-remote.jar:?]
	at org.testng.remote.RemoteTestNG.main(RemoteTestNG.java:91) [testng-remote.jar:?]
-------------------------------------------------
Log End: 2024-10-12T22:38:14.763464700
-------------------------------------------------

-------------------------------------------------
Name: supportuser2
Log Start: 2024-10-12T22:41:45.650828800
Java Version: 21.0.3
Operating System: Windows 11
System Name: LAPTOP-0H4UER3T
-------------------------------------------------

2024-10-12 22:41:47.230 [main] INFO  BaseTest:25 - Attempting to log in with provided credentials.
2024-10-12 22:41:47.233 [main] INFO  LoginPage:27 - Waiting for username field to be visible
2024-10-12 22:41:50.335 [main] INFO  LoginPage:29 - Username field is now visible
2024-10-12 22:41:51.460 [main] INFO  LoginPage:34 - Username inserted successfully
2024-10-12 22:41:51.561 [main] INFO  LoginPage:38 - Password inserted successfully
2024-10-12 22:41:51.983 [main] INFO  LoginPage:42 - Signed in successfully
2024-10-12 22:41:51.983 [main] INFO  BaseTest:27 - Login successful.
2024-10-12 22:41:56.006 [main] INFO  MenuIcon:27 - Waiting for menu icon to appear
2024-10-12 22:41:58.014 [main] INFO  MenuIcon:29 - Menu icon clicked
2024-10-12 22:41:58.015 [main] INFO  BaseTest:42 - Clicked on menu icon.
2024-10-12 22:42:02.177 [main] INFO  CentralSetUp:32 - CRS RCY menu clicked
2024-10-12 22:42:05.133 [main] INFO  CentralSetUp:47 - Switched to new tab. The title of the new tab is: CruisePAL CRS
2024-10-12 22:42:05.133 [main] INFO  BaseTest:57 - Clicked on 'CRS RCY' to open a new tab.
2024-10-12 22:42:05.133 [main] INFO  BaseTest:58 - Switched to the new tab successfully.
2024-10-12 22:42:08.152 [main] INFO  Agency:45 - Clicking on Agencies field.
2024-10-12 22:42:11.104 [main] INFO  Agency:48 - Agencies field clicked successfully.
2024-10-12 22:42:11.104 [main] INFO  BaseTest:72 - Clicked on Agnecy option
2024-10-12 22:42:13.123 [main] INFO  Agency:63 - Extracting total agents and retrieving agent names.
2024-10-12 22:42:13.180 [main] INFO  Agency:79 - Total agents found: 55
2024-10-12 22:42:13.204 [main] INFO  Agency:89 - Retrieved agent: Fore@123 Supportuser2A
2024-10-12 22:42:13.232 [main] INFO  Agency:89 - Retrieved agent: C0001231Oct23Agent1
2024-10-12 22:42:13.251 [main] INFO  Agency:89 - Retrieved agent: C0001231Oct23_2
2024-10-12 22:42:13.266 [main] INFO  Agency:89 - Retrieved agent: C0001231Oct23_3
2024-10-12 22:42:13.282 [main] INFO  Agency:89 - Retrieved agent: C0001231Oct23_4
2024-10-12 22:42:13.298 [main] INFO  Agency:89 - Retrieved agent: C0001231Oct23_5
2024-10-12 22:42:13.315 [main] INFO  Agency:89 - Retrieved agent: 
2024-10-12 22:42:14.150 [main] INFO  Agency:98 - Clicked the 'Move Right' button to load more agents.
2024-10-12 22:42:15.002 [main] INFO  Agency:89 - Retrieved agent: 123 C0001231Oct23_6
2024-10-12 22:42:15.011 [main] INFO  Agency:89 - Retrieved agent: C0001231Oct23_2 C0001231Oct23_7
2024-10-12 22:42:15.020 [main] INFO  Agency:89 - Retrieved agent: C0001231Oct23_8 C0001231Oct23_8
2024-10-12 22:42:15.030 [main] INFO  Agency:89 - Retrieved agent: C0001231Oct23_9 C0001231Oct23_9
2024-10-12 22:42:15.619 [main] INFO  Agency:98 - Clicked the 'Move Right' button to load more agents.
2024-10-12 22:42:16.524 [main] INFO  Agency:89 - Retrieved agent: C0001231Oct23_10 C0001231Oct23_10
2024-10-12 22:42:16.539 [main] INFO  Agency:89 - Retrieved agent: Tannu Mohit
2024-10-12 22:42:16.555 [main] INFO  Agency:89 - Retrieved agent: Mohit Taanu
2024-10-12 22:42:16.561 [main] INFO  Agency:89 - Retrieved agent: risi ragava
2024-10-12 22:42:17.296 [main] INFO  Agency:98 - Clicked the 'Move Right' button to load more agents.
2024-10-12 22:42:18.240 [main] INFO  Agency:89 - Retrieved agent: jnu
2024-10-12 22:42:18.255 [main] INFO  Agency:89 - Retrieved agent: Tannu
2024-10-12 22:42:18.271 [main] INFO  Agency:89 - Retrieved agent: sanMohit
2024-10-12 22:42:18.287 [main] INFO  Agency:89 - Retrieved agent: sdf
2024-10-12 22:42:18.954 [main] INFO  Agency:98 - Clicked the 'Move Right' button to load more agents.
2024-10-12 22:42:19.887 [main] INFO  Agency:89 - Retrieved agent: 1122
2024-10-12 22:42:19.898 [main] INFO  Agency:89 - Retrieved agent: wwww
2024-10-12 22:42:19.906 [main] INFO  Agency:89 - Retrieved agent: www
2024-10-12 22:42:19.912 [main] INFO  Agency:89 - Retrieved agent: san
2024-10-12 22:42:20.468 [main] INFO  Agency:98 - Clicked the 'Move Right' button to load more agents.
2024-10-12 22:42:21.581 [main] INFO  Agency:89 - Retrieved agent: testing
2024-10-12 22:42:21.630 [main] INFO  Agency:89 - Retrieved agent: eee
2024-10-12 22:42:21.646 [main] INFO  Agency:89 - Retrieved agent: gvfb
2024-10-12 22:42:21.677 [main] INFO  Agency:89 - Retrieved agent: Mohit
2024-10-12 22:42:22.278 [main] INFO  Agency:98 - Clicked the 'Move Right' button to load more agents.
2024-10-12 22:42:23.375 [main] INFO  Agency:89 - Retrieved agent: vbb
2024-10-12 22:42:23.375 [main] INFO  Agency:89 - Retrieved agent: dfer
2024-10-12 22:42:23.395 [main] INFO  Agency:89 - Retrieved agent: Pooja Zingoni
2024-10-12 22:42:23.778 [main] INFO  Agency:98 - Clicked the 'Move Right' button to load more agents.
2024-10-12 22:42:25.020 [main] INFO  Agency:89 - Retrieved agent: Pooja Gavali
2024-10-12 22:42:25.027 [main] INFO  Agency:89 - Retrieved agent: suresh kumar
2024-10-12 22:42:25.038 [main] INFO  Agency:89 - Retrieved agent: prasantaa sadana
2024-10-12 22:42:25.477 [main] INFO  Agency:98 - Clicked the 'Move Right' button to load more agents.
2024-10-12 22:42:26.595 [main] INFO  Agency:89 - Retrieved agent: priyaka
2024-10-12 22:42:26.606 [main] INFO  Agency:89 - Retrieved agent: mohit
2024-10-12 22:42:27.032 [main] INFO  Agency:98 - Clicked the 'Move Right' button to load more agents.
2024-10-12 22:42:28.321 [main] INFO  Agency:89 - Retrieved agent: Mohit123
2024-10-12 22:42:28.335 [main] INFO  Agency:89 - Retrieved agent: John12
2024-10-12 22:42:28.349 [main] INFO  Agency:89 - Retrieved agent: fgf
2024-10-12 22:42:28.367 [main] INFO  Agency:89 - Retrieved agent: dippp
2024-10-12 22:42:28.743 [main] INFO  Agency:98 - Clicked the 'Move Right' button to load more agents.
2024-10-12 22:42:29.997 [main] INFO  Agency:89 - Retrieved agent: Immu
2024-10-12 22:42:30.165 [main] INFO  Agency:98 - Clicked the 'Move Right' button to load more agents.
2024-10-12 22:42:31.566 [main] INFO  Agency:89 - Retrieved agent: 444
2024-10-12 22:42:31.578 [main] INFO  Agency:89 - Retrieved agent: 666
2024-10-12 22:42:31.742 [main] INFO  Agency:98 - Clicked the 'Move Right' button to load more agents.
2024-10-12 22:42:33.188 [main] INFO  Agency:89 - Retrieved agent: Testing223
2024-10-12 22:42:33.200 [main] INFO  Agency:89 - Retrieved agent: Test12
2024-10-12 22:42:33.212 [main] INFO  Agency:89 - Retrieved agent: santer
2024-10-12 22:42:33.225 [main] INFO  Agency:89 - Retrieved agent: wer
2024-10-12 22:42:33.424 [main] INFO  Agency:98 - Clicked the 'Move Right' button to load more agents.
2024-10-12 22:42:35.168 [main] INFO  Agency:89 - Retrieved agent: MohitTannu
2024-10-12 22:42:35.184 [main] INFO  Agency:89 - Retrieved agent: Fore@123 SriAgent15Jul_1
2024-10-12 22:42:35.343 [main] INFO  Agency:98 - Clicked the 'Move Right' button to load more agents.
2024-10-12 22:43:06.595 [main] ERROR Agency:109 - Error in agent method: Expected condition failed: waiting for element to be clickable: By.xpath: //a[@class='move-btn move-right'] (tried for 30 second(s) with 500 milliseconds interval)
Build info: version: '4.25.0', revision: '8a8aea2337'
System info: os.name: 'Windows 11', os.arch: 'amd64', os.version: '10.0', java.version: '21.0.3'
Driver info: org.openqa.selenium.chrome.ChromeDriver
Capabilities {acceptInsecureCerts: false, browserName: chrome, browserVersion: 129.0.6668.100, chrome: {chromedriverVersion: 129.0.6668.100 (cf58cba358d..., userDataDir: C:\Users\EFFIAS~1\AppData\L...}, fedcm:accounts: true, goog:chromeOptions: {debuggerAddress: localhost:62727}, networkConnectionEnabled: false, pageLoadStrategy: normal, platformName: windows, proxy: Proxy(), se:cdp: ws://localhost:62727/devtoo..., se:cdpVersion: 129.0.6668.100, setWindowRect: true, strictFileInteractability: false, timeouts: {implicit: 0, pageLoad: 300000, script: 30000}, unhandledPromptBehavior: dismiss and notify, webauthn:extension:credBlob: true, webauthn:extension:largeBlob: true, webauthn:extension:minPinLength: true, webauthn:extension:prf: true, webauthn:virtualAuthenticators: true}
Session ID: 6e36c83ecaeb6ddbca8587d1684456c4
org.openqa.selenium.TimeoutException: Expected condition failed: waiting for element to be clickable: By.xpath: //a[@class='move-btn move-right'] (tried for 30 second(s) with 500 milliseconds interval)
Build info: version: '4.25.0', revision: '8a8aea2337'
System info: os.name: 'Windows 11', os.arch: 'amd64', os.version: '10.0', java.version: '21.0.3'
Driver info: org.openqa.selenium.chrome.ChromeDriver
Capabilities {acceptInsecureCerts: false, browserName: chrome, browserVersion: 129.0.6668.100, chrome: {chromedriverVersion: 129.0.6668.100 (cf58cba358d..., userDataDir: C:\Users\EFFIAS~1\AppData\L...}, fedcm:accounts: true, goog:chromeOptions: {debuggerAddress: localhost:62727}, networkConnectionEnabled: false, pageLoadStrategy: normal, platformName: windows, proxy: Proxy(), se:cdp: ws://localhost:62727/devtoo..., se:cdpVersion: 129.0.6668.100, setWindowRect: true, strictFileInteractability: false, timeouts: {implicit: 0, pageLoad: 300000, script: 30000}, unhandledPromptBehavior: dismiss and notify, webauthn:extension:credBlob: true, webauthn:extension:largeBlob: true, webauthn:extension:minPinLength: true, webauthn:extension:prf: true, webauthn:virtualAuthenticators: true}
Session ID: 6e36c83ecaeb6ddbca8587d1684456c4
	at org.openqa.selenium.support.ui.WebDriverWait.timeoutException(WebDriverWait.java:84) ~[selenium-support-4.25.0.jar:?]
	at org.openqa.selenium.support.ui.FluentWait.until(FluentWait.java:228) ~[selenium-support-4.25.0.jar:?]
	at pages.Agency.agent(Agency.java:96) ~[test-classes/:?]
	at tests.BookingTest.agent(BookingTest.java:80) ~[test-classes/:?]
	at jdk.internal.reflect.DirectMethodHandleAccessor.invoke(DirectMethodHandleAccessor.java:103) ~[?:?]
	at java.lang.reflect.Method.invoke(Method.java:580) ~[?:?]
	at org.testng.internal.invokers.MethodInvocationHelper.invokeMethod(MethodInvocationHelper.java:141) ~[testng-7.10.0.jar:7.10.0]
	at org.testng.internal.invokers.TestInvoker.invokeMethod(TestInvoker.java:686) ~[testng-7.10.0.jar:7.10.0]
	at org.testng.internal.invokers.TestInvoker.invokeTestMethod(TestInvoker.java:230) ~[testng-7.10.0.jar:7.10.0]
	at org.testng.internal.invokers.MethodRunner.runInSequence(MethodRunner.java:63) ~[testng-7.10.0.jar:7.10.0]
	at org.testng.internal.invokers.TestInvoker$MethodInvocationAgent.invoke(TestInvoker.java:992) ~[testng-7.10.0.jar:7.10.0]
	at org.testng.internal.invokers.TestInvoker.invokeTestMethods(TestInvoker.java:203) ~[testng-7.10.0.jar:7.10.0]
	at org.testng.internal.invokers.TestMethodWorker.invokeTestMethods(TestMethodWorker.java:154) ~[testng-7.10.0.jar:7.10.0]
	at org.testng.internal.invokers.TestMethodWorker.run(TestMethodWorker.java:134) ~[testng-7.10.0.jar:7.10.0]
	at java.util.ArrayList.forEach(ArrayList.java:1596) [?:?]
	at org.testng.TestRunner.privateRun(TestRunner.java:739) [testng-7.10.0.jar:7.10.0]
	at org.testng.TestRunner.run(TestRunner.java:614) [testng-7.10.0.jar:7.10.0]
	at org.testng.SuiteRunner.runTest(SuiteRunner.java:421) [testng-7.10.0.jar:7.10.0]
	at org.testng.SuiteRunner.runSequentially(SuiteRunner.java:413) [testng-7.10.0.jar:7.10.0]
	at org.testng.SuiteRunner.privateRun(SuiteRunner.java:373) [testng-7.10.0.jar:7.10.0]
	at org.testng.SuiteRunner.run(SuiteRunner.java:312) [testng-7.10.0.jar:7.10.0]
	at org.testng.SuiteRunnerWorker.runSuite(SuiteRunnerWorker.java:52) [testng-7.10.0.jar:7.10.0]
	at org.testng.SuiteRunnerWorker.run(SuiteRunnerWorker.java:95) [testng-7.10.0.jar:7.10.0]
	at org.testng.TestNG.runSuitesSequentially(TestNG.java:1274) [testng-7.10.0.jar:7.10.0]
	at org.testng.TestNG.runSuitesLocally(TestNG.java:1208) [testng-7.10.0.jar:7.10.0]
	at org.testng.TestNG.runSuites(TestNG.java:1112) [testng-7.10.0.jar:7.10.0]
	at org.testng.TestNG.run(TestNG.java:1079) [testng-7.10.0.jar:7.10.0]
	at org.testng.remote.AbstractRemoteTestNG.run(AbstractRemoteTestNG.java:115) [testng-remote.jar:?]
	at org.testng.remote.RemoteTestNG.initAndRun(RemoteTestNG.java:293) [testng-remote.jar:?]
	at org.testng.remote.RemoteTestNG.main(RemoteTestNG.java:91) [testng-remote.jar:?]
-------------------------------------------------
Log End: 2024-10-12T22:43:07.448010200
-------------------------------------------------

-------------------------------------------------
Name: supportuser2
Log Start: 2024-10-12T22:45:47.135139700
Java Version: 21.0.3
Operating System: Windows 11
System Name: LAPTOP-0H4UER3T
-------------------------------------------------

2024-10-12 22:45:48.802 [main] INFO  BaseTest:25 - Attempting to log in with provided credentials.
2024-10-12 22:45:48.804 [main] INFO  LoginPage:27 - Waiting for username field to be visible
2024-10-12 22:45:53.211 [main] INFO  LoginPage:29 - Username field is now visible
2024-10-12 22:45:54.340 [main] INFO  LoginPage:34 - Username inserted successfully
2024-10-12 22:45:54.463 [main] INFO  LoginPage:38 - Password inserted successfully
2024-10-12 22:46:00.908 [main] INFO  LoginPage:42 - Signed in successfully
2024-10-12 22:46:00.911 [main] INFO  BaseTest:27 - Login successful.
2024-10-12 22:46:04.937 [main] INFO  MenuIcon:27 - Waiting for menu icon to appear
2024-10-12 22:46:05.036 [main] INFO  MenuIcon:29 - Menu icon clicked
2024-10-12 22:46:05.036 [main] INFO  BaseTest:42 - Clicked on menu icon.
2024-10-12 22:46:09.159 [main] INFO  CentralSetUp:32 - CRS RCY menu clicked
2024-10-12 22:46:14.608 [main] INFO  CentralSetUp:47 - Switched to new tab. The title of the new tab is: CruisePAL CRS
2024-10-12 22:46:14.608 [main] INFO  BaseTest:57 - Clicked on 'CRS RCY' to open a new tab.
2024-10-12 22:46:14.608 [main] INFO  BaseTest:58 - Switched to the new tab successfully.
2024-10-12 22:46:17.636 [main] INFO  Agency:45 - Clicking on Agencies field.
2024-10-12 22:46:21.364 [main] INFO  Agency:48 - Agencies field clicked successfully.
2024-10-12 22:46:21.364 [main] INFO  BaseTest:72 - Clicked on Agnecy option
2024-10-12 22:46:23.367 [main] INFO  Agency:63 - Extracting total agents and retrieving agent names.
2024-10-12 22:46:23.419 [main] INFO  Agency:79 - Total agents found: 55
2024-10-12 22:46:23.452 [main] INFO  Agency:89 - Retrieved agent: Fore@123 Supportuser2A
2024-10-12 22:46:23.465 [main] INFO  Agency:89 - Retrieved agent: C0001231Oct23Agent1
2024-10-12 22:46:23.476 [main] INFO  Agency:89 - Retrieved agent: C0001231Oct23_2
2024-10-12 22:46:23.488 [main] INFO  Agency:89 - Retrieved agent: C0001231Oct23_3
2024-10-12 22:46:23.498 [main] INFO  Agency:89 - Retrieved agent: C0001231Oct23_4
2024-10-12 22:46:23.511 [main] INFO  Agency:89 - Retrieved agent: C0001231Oct23_5
2024-10-12 22:46:23.521 [main] INFO  Agency:89 - Retrieved agent: 
2024-10-12 22:46:24.014 [main] INFO  Agency:99 - Clicked the 'Move Right' button to load more agents.
2024-10-12 22:46:24.859 [main] INFO  Agency:89 - Retrieved agent: 123 C0001231Oct23_6
2024-10-12 22:46:24.868 [main] INFO  Agency:89 - Retrieved agent: C0001231Oct23_2 C0001231Oct23_7
2024-10-12 22:46:24.879 [main] INFO  Agency:89 - Retrieved agent: C0001231Oct23_8 C0001231Oct23_8
2024-10-12 22:46:24.888 [main] INFO  Agency:89 - Retrieved agent: C0001231Oct23_9 C0001231Oct23_9
2024-10-12 22:46:25.457 [main] INFO  Agency:99 - Clicked the 'Move Right' button to load more agents.
2024-10-12 22:46:26.367 [main] INFO  Agency:89 - Retrieved agent: C0001231Oct23_10 C0001231Oct23_10
2024-10-12 22:46:26.379 [main] INFO  Agency:89 - Retrieved agent: Tannu Mohit
2024-10-12 22:46:26.391 [main] INFO  Agency:89 - Retrieved agent: Mohit Taanu
2024-10-12 22:46:26.402 [main] INFO  Agency:89 - Retrieved agent: risi ragava
2024-10-12 22:46:26.986 [main] INFO  Agency:99 - Clicked the 'Move Right' button to load more agents.
2024-10-12 22:46:27.860 [main] INFO  Agency:89 - Retrieved agent: jnu
2024-10-12 22:46:27.870 [main] INFO  Agency:89 - Retrieved agent: Tannu
2024-10-12 22:46:27.877 [main] INFO  Agency:89 - Retrieved agent: sanMohit
2024-10-12 22:46:27.890 [main] INFO  Agency:89 - Retrieved agent: sdf
2024-10-12 22:46:28.438 [main] INFO  Agency:99 - Clicked the 'Move Right' button to load more agents.
2024-10-12 22:46:29.502 [main] INFO  Agency:89 - Retrieved agent: 1122
2024-10-12 22:46:29.516 [main] INFO  Agency:89 - Retrieved agent: wwww
2024-10-12 22:46:29.524 [main] INFO  Agency:89 - Retrieved agent: www
2024-10-12 22:46:29.527 [main] INFO  Agency:89 - Retrieved agent: san
2024-10-12 22:46:29.991 [main] INFO  Agency:99 - Clicked the 'Move Right' button to load more agents.
2024-10-12 22:46:31.015 [main] INFO  Agency:89 - Retrieved agent: testing
2024-10-12 22:46:31.015 [main] INFO  Agency:89 - Retrieved agent: eee
2024-10-12 22:46:31.030 [main] INFO  Agency:89 - Retrieved agent: gvfb
2024-10-12 22:46:31.030 [main] INFO  Agency:89 - Retrieved agent: Mohit
2024-10-12 22:46:31.536 [main] INFO  Agency:99 - Clicked the 'Move Right' button to load more agents.
2024-10-12 22:46:32.633 [main] INFO  Agency:89 - Retrieved agent: vbb
2024-10-12 22:46:32.645 [main] INFO  Agency:89 - Retrieved agent: dfer
2024-10-12 22:46:32.661 [main] INFO  Agency:89 - Retrieved agent: Pooja Zingoni
2024-10-12 22:46:33.213 [main] INFO  Agency:99 - Clicked the 'Move Right' button to load more agents.
2024-10-12 22:46:34.388 [main] INFO  Agency:89 - Retrieved agent: Pooja Gavali
2024-10-12 22:46:34.404 [main] INFO  Agency:89 - Retrieved agent: suresh kumar
2024-10-12 22:46:34.404 [main] INFO  Agency:89 - Retrieved agent: prasantaa sadana
2024-10-12 22:46:34.915 [main] INFO  Agency:99 - Clicked the 'Move Right' button to load more agents.
2024-10-12 22:46:36.202 [main] INFO  Agency:89 - Retrieved agent: priyaka
2024-10-12 22:46:36.211 [main] INFO  Agency:89 - Retrieved agent: mohit
2024-10-12 22:46:36.669 [main] INFO  Agency:99 - Clicked the 'Move Right' button to load more agents.
2024-10-12 22:46:37.951 [main] INFO  Agency:89 - Retrieved agent: Mohit123
2024-10-12 22:46:37.963 [main] INFO  Agency:89 - Retrieved agent: John12
2024-10-12 22:46:37.969 [main] INFO  Agency:89 - Retrieved agent: fgf
2024-10-12 22:46:37.980 [main] INFO  Agency:89 - Retrieved agent: dippp
2024-10-12 22:46:38.352 [main] INFO  Agency:99 - Clicked the 'Move Right' button to load more agents.
2024-10-12 22:46:39.631 [main] INFO  Agency:89 - Retrieved agent: Immu
2024-10-12 22:46:39.919 [main] INFO  Agency:99 - Clicked the 'Move Right' button to load more agents.
2024-10-12 22:46:41.130 [main] INFO  Agency:89 - Retrieved agent: 444
2024-10-12 22:46:41.140 [main] INFO  Agency:89 - Retrieved agent: 666
2024-10-12 22:46:41.377 [main] INFO  Agency:99 - Clicked the 'Move Right' button to load more agents.
2024-10-12 22:46:42.883 [main] INFO  Agency:89 - Retrieved agent: Testing223
2024-10-12 22:46:42.901 [main] INFO  Agency:89 - Retrieved agent: Test12
2024-10-12 22:46:42.909 [main] INFO  Agency:89 - Retrieved agent: santer
2024-10-12 22:46:42.919 [main] INFO  Agency:89 - Retrieved agent: wer
2024-10-12 22:46:43.058 [main] INFO  Agency:99 - Clicked the 'Move Right' button to load more agents.
2024-10-12 22:46:44.252 [main] INFO  Agency:89 - Retrieved agent: MohitTannu
2024-10-12 22:46:44.268 [main] INFO  Agency:89 - Retrieved agent: Fore@123 SriAgent15Jul_1
2024-10-12 22:46:44.468 [main] INFO  Agency:99 - Clicked the 'Move Right' button to load more agents.
2024-10-12 22:47:15.503 [main] ERROR Agency:101 - Failed to click 'Move Right' button: Expected condition failed: waiting for element to be clickable: By.xpath: //a[@class='move-btn move-right'] (tried for 30 second(s) with 500 milliseconds interval)
Build info: version: '4.25.0', revision: '8a8aea2337'
System info: os.name: 'Windows 11', os.arch: 'amd64', os.version: '10.0', java.version: '21.0.3'
Driver info: org.openqa.selenium.chrome.ChromeDriver
Capabilities {acceptInsecureCerts: false, browserName: chrome, browserVersion: 129.0.6668.100, chrome: {chromedriverVersion: 129.0.6668.100 (cf58cba358d..., userDataDir: C:\Users\EFFIAS~1\AppData\L...}, fedcm:accounts: true, goog:chromeOptions: {debuggerAddress: localhost:62770}, networkConnectionEnabled: false, pageLoadStrategy: normal, platformName: windows, proxy: Proxy(), se:cdp: ws://localhost:62770/devtoo..., se:cdpVersion: 129.0.6668.100, setWindowRect: true, strictFileInteractability: false, timeouts: {implicit: 0, pageLoad: 300000, script: 30000}, unhandledPromptBehavior: dismiss and notify, webauthn:extension:credBlob: true, webauthn:extension:largeBlob: true, webauthn:extension:minPinLength: true, webauthn:extension:prf: true, webauthn:virtualAuthenticators: true}
Session ID: ff7f2ef5b730af37d616dbd92d3d3c75
2024-10-12 22:47:15.513 [main] INFO  Agency:111 - All agents retrieved successfully. Total agents: 48
2024-10-12 22:47:15.515 [main] INFO  BaseTest:81 - Agencies listed
2024-10-12 22:47:17.536 [main] INFO  Agency:123 - Attempting to select agent: Fore@123 Supportuser2A
2024-10-12 22:47:18.490 [main] INFO  Agency:138 - Selected agent: Fore@123 Supportuser2A
2024-10-12 22:47:18.490 [main] INFO  BaseTest:90 - Agent selected 
-------------------------------------------------
Log End: 2024-10-12T22:47:18.964555500
-------------------------------------------------

