-------------------------------------------------
Name: supportuser2
Log Start: 2024-11-18T11:53:10.509175200
Java Version: 23.0.1
Operating System: Windows 11
System Name: DESKTOP-KR6B0UD
-------------------------------------------------

2024-11-18 11:53:44.446 [main] ERROR com.demo.ng_crs.error - Error occurred in the agency method: element click intercepted: Element <li _ngcontent-avm-c618="" kendotooltip="" position="right" title="Home">...</li> is not clickable at point (23, 120). Other element would receive the click: <div _ngcontent-avm-c462="" class="ngx-spinner-overlay ng-tns-c462-0 ng-trigger ng-trigger-fadeIn ng-star-inserted" style="background-color: rgba(51, 51, 51, 0.8); z-index: 99999; position: fixed; opacity: 1;">...</div>
  (Session info: chrome=130.0.6723.119)
Build info: version: '4.26.0', revision: '8ccf0219d7'
System info: os.name: 'Windows 11', os.arch: 'amd64', os.version: '10.0', java.version: '23.0.1'
Driver info: org.openqa.selenium.chrome.ChromeDriver
Command: [daa86acf1a23ea10816582eac7796eb4, clickElement {id=f.EC2FFE60A61E4A65BD86697E41FABC47.d.A7B8B0EF5BBFCB250CB6727DD4C31E0B.e.153}]
Capabilities {acceptInsecureCerts: false, browserName: chrome, browserVersion: 130.0.6723.119, chrome: {chromedriverVersion: 130.0.6723.116 (6ac35f94ae3..., userDataDir: C:\Users\EFFIAS~1\AppData\L...}, fedcm:accounts: true, goog:chromeOptions: {debuggerAddress: localhost:62314}, networkConnectionEnabled: false, pageLoadStrategy: normal, platformName: windows, proxy: Proxy(), se:cdp: ws://localhost:62314/devtoo..., se:cdpVersion: 130.0.6723.119, setWindowRect: true, strictFileInteractability: false, timeouts: {implicit: 0, pageLoad: 300000, script: 30000}, unhandledPromptBehavior: dismiss and notify, webauthn:extension:credBlob: true, webauthn:extension:largeBlob: true, webauthn:extension:minPinLength: true, webauthn:extension:prf: true, webauthn:virtualAuthenticators: true}
Element: [[ChromeDriver: chrome on windows (daa86acf1a23ea10816582eac7796eb4)] -> xpath: (//li[@title='Home'])]
Session ID: daa86acf1a23ea10816582eac7796eb4
-------------------------------------------------
Log End: 2024-11-18T11:53:45.649763400
-------------------------------------------------

-------------------------------------------------
Name: supportuser2
Log Start: 2024-11-18T11:55:50.446679700
Java Version: 23.0.1
Operating System: Windows 11
System Name: DESKTOP-KR6B0UD
-------------------------------------------------

-------------------------------------------------
Name: supportuser2
Log Start: 2024-11-18T11:57:51.980716100
Java Version: 23.0.1
Operating System: Windows 11
System Name: DESKTOP-KR6B0UD
-------------------------------------------------

2024-11-18 12:01:07.039 [main] ERROR com.demo.ng_crs.error - Error occurred in the search agent method: Expected condition failed: waiting for Attribute or property 'value' to be 'C0001231Oct244444321'. Current value: '' (tried for 30 second(s) with 500 milliseconds interval)
Build info: version: '4.26.0', revision: '8ccf0219d7'
System info: os.name: 'Windows 11', os.arch: 'amd64', os.version: '10.0', java.version: '23.0.1'
Driver info: org.openqa.selenium.chrome.ChromeDriver
Capabilities {acceptInsecureCerts: false, browserName: chrome, browserVersion: 130.0.6723.119, chrome: {chromedriverVersion: 130.0.6723.116 (6ac35f94ae3..., userDataDir: C:\Users\EFFIAS~1\AppData\L...}, fedcm:accounts: true, goog:chromeOptions: {debuggerAddress: localhost:62361}, networkConnectionEnabled: false, pageLoadStrategy: normal, platformName: windows, proxy: Proxy(), se:cdp: ws://localhost:62361/devtoo..., se:cdpVersion: 130.0.6723.119, setWindowRect: true, strictFileInteractability: false, timeouts: {implicit: 0, pageLoad: 300000, script: 30000}, unhandledPromptBehavior: dismiss and notify, webauthn:extension:credBlob: true, webauthn:extension:largeBlob: true, webauthn:extension:minPinLength: true, webauthn:extension:prf: true, webauthn:virtualAuthenticators: true}
Session ID: 533e1c6ccd6dd7eb1c3192f3493a8e2d
-------------------------------------------------
Log End: 2024-11-18T12:01:07.864096500
-------------------------------------------------

-------------------------------------------------
Name: supportuser2
Log Start: 2024-11-18T12:06:00.756106900
Java Version: 23.0.1
Operating System: Windows 11
System Name: DESKTOP-KR6B0UD
-------------------------------------------------

2024-11-18 12:08:10.313 [main] ERROR com.demo.ng_crs.error - Error occurred in the search agent method: Expected condition failed: waiting for Attribute or property 'value' to be 'C0001231Oct244444321'. Current value: '' (tried for 30 second(s) with 500 milliseconds interval)
Build info: version: '4.26.0', revision: '8ccf0219d7'
System info: os.name: 'Windows 11', os.arch: 'amd64', os.version: '10.0', java.version: '23.0.1'
Driver info: org.openqa.selenium.chrome.ChromeDriver
Capabilities {acceptInsecureCerts: false, browserName: chrome, browserVersion: 130.0.6723.119, chrome: {chromedriverVersion: 130.0.6723.116 (6ac35f94ae3..., userDataDir: C:\Users\EFFIAS~1\AppData\L...}, fedcm:accounts: true, goog:chromeOptions: {debuggerAddress: localhost:62503}, networkConnectionEnabled: false, pageLoadStrategy: normal, platformName: windows, proxy: Proxy(), se:cdp: ws://localhost:62503/devtoo..., se:cdpVersion: 130.0.6723.119, setWindowRect: true, strictFileInteractability: false, timeouts: {implicit: 0, pageLoad: 300000, script: 30000}, unhandledPromptBehavior: dismiss and notify, webauthn:extension:credBlob: true, webauthn:extension:largeBlob: true, webauthn:extension:minPinLength: true, webauthn:extension:prf: true, webauthn:virtualAuthenticators: true}
Session ID: 1908447bf5496304d821416b5a2729b9
-------------------------------------------------
Log End: 2024-11-18T12:08:10.965000500
-------------------------------------------------

-------------------------------------------------
Name: supportuser2
Log Start: 2024-11-18T12:12:01.175858
Java Version: 23.0.1
Operating System: Windows 11
System Name: DESKTOP-KR6B0UD
-------------------------------------------------

2024-11-18 12:13:18.335 [main] ERROR com.demo.ng_crs.error - Error occurred in the search agent method: Expected condition failed: waiting for Attribute or property 'value' to be 'C0001231Oct244444321'. Current value: '' (tried for 30 second(s) with 500 milliseconds interval)
Build info: version: '4.26.0', revision: '8ccf0219d7'
System info: os.name: 'Windows 11', os.arch: 'amd64', os.version: '10.0', java.version: '23.0.1'
Driver info: org.openqa.selenium.chrome.ChromeDriver
Capabilities {acceptInsecureCerts: false, browserName: chrome, browserVersion: 130.0.6723.119, chrome: {chromedriverVersion: 130.0.6723.116 (6ac35f94ae3..., userDataDir: C:\Users\EFFIAS~1\AppData\L...}, fedcm:accounts: true, goog:chromeOptions: {debuggerAddress: localhost:62709}, networkConnectionEnabled: false, pageLoadStrategy: normal, platformName: windows, proxy: Proxy(), se:cdp: ws://localhost:62709/devtoo..., se:cdpVersion: 130.0.6723.119, setWindowRect: true, strictFileInteractability: false, timeouts: {implicit: 0, pageLoad: 300000, script: 30000}, unhandledPromptBehavior: dismiss and notify, webauthn:extension:credBlob: true, webauthn:extension:largeBlob: true, webauthn:extension:minPinLength: true, webauthn:extension:prf: true, webauthn:virtualAuthenticators: true}
Session ID: 9b49679119bcaea979f3ee2cdcddae42
-------------------------------------------------
Log End: 2024-11-18T12:13:18.983608200
-------------------------------------------------

-------------------------------------------------
Name: supportuser2
Log Start: 2024-11-18T12:17:11.668507600
Java Version: 23.0.1
Operating System: Windows 11
System Name: DESKTOP-KR6B0UD
-------------------------------------------------

2024-11-18 12:19:18.025 [main] ERROR com.demo.ng_crs.error - Error occurred in the search agent method: Expected condition failed: waiting for Attribute or property 'value' to be 'C0001231Oct244444321'. Current value: '' (tried for 30 second(s) with 500 milliseconds interval)
Build info: version: '4.26.0', revision: '8ccf0219d7'
System info: os.name: 'Windows 11', os.arch: 'amd64', os.version: '10.0', java.version: '23.0.1'
Driver info: org.openqa.selenium.chrome.ChromeDriver
Capabilities {acceptInsecureCerts: false, browserName: chrome, browserVersion: 130.0.6723.119, chrome: {chromedriverVersion: 130.0.6723.116 (6ac35f94ae3..., userDataDir: C:\Users\EFFIAS~1\AppData\L...}, fedcm:accounts: true, goog:chromeOptions: {debuggerAddress: localhost:62898}, networkConnectionEnabled: false, pageLoadStrategy: normal, platformName: windows, proxy: Proxy(), se:cdp: ws://localhost:62898/devtoo..., se:cdpVersion: 130.0.6723.119, setWindowRect: true, strictFileInteractability: false, timeouts: {implicit: 0, pageLoad: 300000, script: 30000}, unhandledPromptBehavior: dismiss and notify, webauthn:extension:credBlob: true, webauthn:extension:largeBlob: true, webauthn:extension:minPinLength: true, webauthn:extension:prf: true, webauthn:virtualAuthenticators: true}
Session ID: 06e739d2edbc3b38a9bef564d58dd127
-------------------------------------------------
Log End: 2024-11-18T12:19:18.771249700
-------------------------------------------------

-------------------------------------------------
Name: supportuser2
Log Start: 2024-11-18T12:19:58.260659
Java Version: 23.0.1
Operating System: Windows 11
System Name: DESKTOP-KR6B0UD
-------------------------------------------------

2024-11-18 12:22:02.025 [main] ERROR com.demo.ng_crs.error - Suites tab is not selected. aria-selected: false, Tab Text: Suite(s)
-------------------------------------------------
Log End: 2024-11-18T12:24:36.552735600
-------------------------------------------------

-------------------------------------------------
Name: supportuser2
Log Start: 2024-11-18T18:54:03.076674700
Java Version: 23.0.1
Operating System: Windows 11
System Name: DESKTOP-KR6B0UD
-------------------------------------------------

2024-11-18 18:54:22.575 [main] ERROR com.demo.ng_crs.error - Failed to click element due to interception: element click intercepted: Element <button _ngcontent-cpx-c632="" class="btn btn-white active">...</button> is not clickable at point (163, 115). Other element would receive the click: <div _ngcontent-cpx-c462="" class="ngx-spinner-overlay ng-tns-c462-0 ng-trigger ng-trigger-fadeIn ng-star-inserted" style="background-color: rgba(51, 51, 51, 0.8); z-index: 99999; position: fixed; opacity: 1;">...</div>
  (Session info: chrome=130.0.6723.119)
Build info: version: '4.26.0', revision: '8ccf0219d7'
System info: os.name: 'Windows 11', os.arch: 'amd64', os.version: '10.0', java.version: '23.0.1'
Driver info: org.openqa.selenium.chrome.ChromeDriver
Command: [5a418bb2376c7bce191c4e668f3dafbf, clickElement {id=f.0429A0F144D09409C378AD902F365549.d.95586EB1310BD75713C62A2B710DA04D.e.174}]
Capabilities {acceptInsecureCerts: false, browserName: chrome, browserVersion: 130.0.6723.119, chrome: {chromedriverVersion: 130.0.6723.116 (6ac35f94ae3..., userDataDir: C:\Users\EFFIAS~1\AppData\L...}, fedcm:accounts: true, goog:chromeOptions: {debuggerAddress: localhost:52600}, networkConnectionEnabled: false, pageLoadStrategy: normal, platformName: windows, proxy: Proxy(), se:cdp: ws://localhost:52600/devtoo..., se:cdpVersion: 130.0.6723.119, setWindowRect: true, strictFileInteractability: false, timeouts: {implicit: 0, pageLoad: 300000, script: 30000}, unhandledPromptBehavior: dismiss and notify, webauthn:extension:credBlob: true, webauthn:extension:largeBlob: true, webauthn:extension:minPinLength: true, webauthn:extension:prf: true, webauthn:virtualAuthenticators: true}
Element: [[ChromeDriver: chrome on windows (5a418bb2376c7bce191c4e668f3dafbf)] -> xpath: //button[normalize-space()='Agency']]
Session ID: 5a418bb2376c7bce191c4e668f3dafbf
-------------------------------------------------
Log End: 2024-11-18T18:54:23.299301500
-------------------------------------------------

-------------------------------------------------
Name: supportuser2
Log Start: 2024-11-18T22:06:05.223158200
Java Version: 23.0.1
Operating System: Windows 11
System Name: DESKTOP-KR6B0UD
-------------------------------------------------

2024-11-18 22:06:28.775 [main] ERROR com.demo.ng_crs.error - Failed to click element due to interception: element click intercepted: Element <button _ngcontent-jea-c632="" class="btn btn-white active">...</button> is not clickable at point (163, 115). Other element would receive the click: <div _ngcontent-jea-c462="" class="ngx-spinner-overlay ng-tns-c462-0 ng-trigger ng-trigger-fadeIn ng-star-inserted" style="background-color: rgba(51, 51, 51, 0.8); z-index: 99999; position: fixed; opacity: 1;">...</div>
  (Session info: chrome=130.0.6723.119)
Build info: version: '4.26.0', revision: '8ccf0219d7'
System info: os.name: 'Windows 11', os.arch: 'amd64', os.version: '10.0', java.version: '23.0.1'
Driver info: org.openqa.selenium.chrome.ChromeDriver
Command: [0b923613dbb2f4335b70716aeb0ff58b, clickElement {id=f.F7BBEEC5F08292F3513B307A9508B251.d.5F8278D38F4914105F3747A9AC345DDC.e.150}]
Capabilities {acceptInsecureCerts: false, browserName: chrome, browserVersion: 130.0.6723.119, chrome: {chromedriverVersion: 130.0.6723.116 (6ac35f94ae3..., userDataDir: C:\Users\EFFIAS~1\AppData\L...}, fedcm:accounts: true, goog:chromeOptions: {debuggerAddress: localhost:52984}, networkConnectionEnabled: false, pageLoadStrategy: normal, platformName: windows, proxy: Proxy(), se:cdp: ws://localhost:52984/devtoo..., se:cdpVersion: 130.0.6723.119, setWindowRect: true, strictFileInteractability: false, timeouts: {implicit: 0, pageLoad: 300000, script: 30000}, unhandledPromptBehavior: dismiss and notify, webauthn:extension:credBlob: true, webauthn:extension:largeBlob: true, webauthn:extension:minPinLength: true, webauthn:extension:prf: true, webauthn:virtualAuthenticators: true}
Element: [[ChromeDriver: chrome on windows (0b923613dbb2f4335b70716aeb0ff58b)] -> xpath: //button[normalize-space()='Agency']]
Session ID: 0b923613dbb2f4335b70716aeb0ff58b
-------------------------------------------------
Log End: 2024-11-18T22:06:29.418988700
-------------------------------------------------

-------------------------------------------------
Name: supportuser2
Log Start: 2024-11-18T22:14:18.531189100
Java Version: 23.0.1
Operating System: Windows 11
System Name: DESKTOP-KR6B0UD
-------------------------------------------------

2024-11-18 22:15:02.179 [main] ERROR com.demo.ng_crs.error - Error occurred in the agency method: element click intercepted: Element <button _ngcontent-lld-c632="" class="btn btn-white active">...</button> is not clickable at point (163, 115). Other element would receive the click: <div _ngcontent-lld-c462="" class="ngx-spinner-overlay ng-tns-c462-0 ng-trigger ng-trigger-fadeIn ng-star-inserted" style="background-color: rgba(51, 51, 51, 0.8); z-index: 99999; position: fixed; opacity: 1;">...</div>
  (Session info: chrome=130.0.6723.119)
Build info: version: '4.26.0', revision: '8ccf0219d7'
System info: os.name: 'Windows 11', os.arch: 'amd64', os.version: '10.0', java.version: '23.0.1'
Driver info: org.openqa.selenium.chrome.ChromeDriver
Command: [9a6d4f21eaa2e65eee95f1437ea527cb, clickElement {id=f.D35E134DA20E5A7D362B1665C9CB85B3.d.EE229BA5350637600655C72EE4FCCB0F.e.255}]
Capabilities {acceptInsecureCerts: false, browserName: chrome, browserVersion: 130.0.6723.119, chrome: {chromedriverVersion: 130.0.6723.116 (6ac35f94ae3..., userDataDir: C:\Users\EFFIAS~1\AppData\L...}, fedcm:accounts: true, goog:chromeOptions: {debuggerAddress: localhost:53016}, networkConnectionEnabled: false, pageLoadStrategy: normal, platformName: windows, proxy: Proxy(), se:cdp: ws://localhost:53016/devtoo..., se:cdpVersion: 130.0.6723.119, setWindowRect: true, strictFileInteractability: false, timeouts: {implicit: 0, pageLoad: 300000, script: 30000}, unhandledPromptBehavior: dismiss and notify, webauthn:extension:credBlob: true, webauthn:extension:largeBlob: true, webauthn:extension:minPinLength: true, webauthn:extension:prf: true, webauthn:virtualAuthenticators: true}
Element: [[ChromeDriver: chrome on windows (9a6d4f21eaa2e65eee95f1437ea527cb)] -> xpath: //button[normalize-space()='Agency']]
Session ID: 9a6d4f21eaa2e65eee95f1437ea527cb
-------------------------------------------------
Log End: 2024-11-18T22:15:02.911473200
-------------------------------------------------

-------------------------------------------------
Name: supportuser2
Log Start: 2024-11-18T23:16:48.190269500
Java Version: 23.0.1
Operating System: Windows 11
System Name: DESKTOP-KR6B0UD
-------------------------------------------------

2024-11-18 23:17:35.705 [main] ERROR com.demo.ng_crs.error - Suites tab is not selected. aria-selected: false, Tab Text: Suite(s)
-------------------------------------------------
Log End: 2024-11-18T23:17:36.551201900
-------------------------------------------------

-------------------------------------------------
Name: supportuser2
Log Start: 2024-11-18T23:20:38.901646800
Java Version: 23.0.1
Operating System: Windows 11
System Name: DESKTOP-KR6B0UD
-------------------------------------------------

2024-11-18 23:21:14.389 [main] ERROR com.demo.ng_crs.error - Error occurred in the agencies method: element click intercepted: Element <div _ngcontent-vla-c632="" class="d-flex align-items-center flex-column tab-link gap-2">...</div> is not clickable at point (276, 209). Other element would receive the click: <div _ngcontent-vla-c462="" class="ngx-spinner-overlay ng-tns-c462-0 ng-trigger ng-trigger-fadeIn ng-star-inserted ng-animating" style="background-color: rgba(51, 51, 51, 0.8); z-index: 99999; position: fixed;">...</div>
  (Session info: chrome=130.0.6723.119)
Build info: version: '4.26.0', revision: '8ccf0219d7'
System info: os.name: 'Windows 11', os.arch: 'amd64', os.version: '10.0', java.version: '23.0.1'
Driver info: org.openqa.selenium.chrome.ChromeDriver
Command: [55b4174977feec3d4cd010f75d500682, clickElement {id=f.A627A266FE93DA677824834C8CB2A732.d.4971D8790B95079C2EC6A1E0676E8187.e.192}]
Capabilities {acceptInsecureCerts: false, browserName: chrome, browserVersion: 130.0.6723.119, chrome: {chromedriverVersion: 130.0.6723.116 (6ac35f94ae3..., userDataDir: C:\Users\EFFIAS~1\AppData\L...}, fedcm:accounts: true, goog:chromeOptions: {debuggerAddress: localhost:53457}, networkConnectionEnabled: false, pageLoadStrategy: normal, platformName: windows, proxy: Proxy(), se:cdp: ws://localhost:53457/devtoo..., se:cdpVersion: 130.0.6723.119, setWindowRect: true, strictFileInteractability: false, timeouts: {implicit: 0, pageLoad: 300000, script: 30000}, unhandledPromptBehavior: dismiss and notify, webauthn:extension:credBlob: true, webauthn:extension:largeBlob: true, webauthn:extension:minPinLength: true, webauthn:extension:prf: true, webauthn:virtualAuthenticators: true}
Element: [[ChromeDriver: chrome on windows (55b4174977feec3d4cd010f75d500682)] -> xpath: //li[@class='active']//div[@class='d-flex align-items-center flex-column tab-link gap-2']]
Session ID: 55b4174977feec3d4cd010f75d500682
-------------------------------------------------
Log End: 2024-11-18T23:21:14.936187
-------------------------------------------------

-------------------------------------------------
Name: supportuser2
Log Start: 2024-11-18T23:22:02.486685700
Java Version: 23.0.1
Operating System: Windows 11
System Name: DESKTOP-KR6B0UD
-------------------------------------------------

2024-11-18 23:22:51.714 [main] ERROR com.demo.ng_crs.error - Error occurred in the new booking method: element click intercepted: Element <button _ngcontent-pni-c628="" class="btn btn-primary pe-auto" title="">...</button> is not clickable at point (1454, 91). Other element would receive the click: <div _ngcontent-pni-c462="" class="ngx-spinner-overlay ng-tns-c462-0 ng-trigger ng-trigger-fadeIn ng-star-inserted" style="background-color: rgba(51, 51, 51, 0.8); z-index: 99999; position: fixed; opacity: 1;">...</div>
  (Session info: chrome=130.0.6723.119)
Build info: version: '4.26.0', revision: '8ccf0219d7'
System info: os.name: 'Windows 11', os.arch: 'amd64', os.version: '10.0', java.version: '23.0.1'
Driver info: org.openqa.selenium.chrome.ChromeDriver
Command: [597d7119d2793439052506bea5d72fd7, clickElement {id=f.FFD8D7A5ED64AD3459AB4EE66222B027.d.C4734333F0C6902C6561A03F5EA49B7D.e.215}]
Capabilities {acceptInsecureCerts: false, browserName: chrome, browserVersion: 130.0.6723.119, chrome: {chromedriverVersion: 130.0.6723.116 (6ac35f94ae3..., userDataDir: C:\Users\EFFIAS~1\AppData\L...}, fedcm:accounts: true, goog:chromeOptions: {debuggerAddress: localhost:53521}, networkConnectionEnabled: false, pageLoadStrategy: normal, platformName: windows, proxy: Proxy(), se:cdp: ws://localhost:53521/devtoo..., se:cdpVersion: 130.0.6723.119, setWindowRect: true, strictFileInteractability: false, timeouts: {implicit: 0, pageLoad: 300000, script: 30000}, unhandledPromptBehavior: dismiss and notify, webauthn:extension:credBlob: true, webauthn:extension:largeBlob: true, webauthn:extension:minPinLength: true, webauthn:extension:prf: true, webauthn:virtualAuthenticators: true}
Element: [[ChromeDriver: chrome on windows (597d7119d2793439052506bea5d72fd7)] -> xpath: //button[normalize-space()='New Booking']]
Session ID: 597d7119d2793439052506bea5d72fd7
-------------------------------------------------
Log End: 2024-11-18T23:22:52.217021
-------------------------------------------------

-------------------------------------------------
Name: supportuser2
Log Start: 2024-11-19T11:00:41.006280500
Java Version: 23.0.1
Operating System: Windows 11
System Name: DESKTOP-KR6B0UD
-------------------------------------------------

