2024-11-15 14:32:31.536 [main] INFO  base.BaseTest - Attempting to log in with provided credentials.
2024-11-15 14:32:31.541 [main] INFO  pages.LoginPage - Waiting for username field to be visible
2024-11-15 14:32:36.260 [main] INFO  pages.LoginPage - Username field is now visible
2024-11-15 14:32:36.391 [main] INFO  pages.LoginPage - Username inserted successfully
2024-11-15 14:32:36.472 [main] INFO  pages.LoginPage - Password inserted successfully
2024-11-15 14:32:36.955 [main] INFO  pages.LoginPage - Login button clicked
2024-11-15 14:32:40.832 [main] INFO  pages.LoginPage - Signed in successfully, redirected to dashboard.
2024-11-15 14:32:40.832 [main] INFO  base.BaseTest - Login successful.
2024-11-15 14:32:44.887 [main] INFO  pages.MenuIcon - Waiting for menu icon to appear
2024-11-15 14:32:45.048 [main] INFO  pages.MenuIcon - Menu icon clicked
2024-11-15 14:32:45.049 [main] INFO  base.BaseTest - Clicked on menu icon.
2024-11-15 14:32:49.179 [main] INFO  pages.CentralSetUp - CRS RCY menu clicked
2024-11-15 14:32:59.973 [main] INFO  pages.CentralSetUp - Switched to new tab. The title of the new tab is: CruisePAL CRS
2024-11-15 14:32:59.973 [main] INFO  base.BaseTest - Clicked on 'CRS RCY' to open a new tab.
2024-11-15 14:32:59.973 [main] INFO  base.BaseTest - Switched to the new tab successfully.
2024-11-15 14:33:00.506 [main] INFO  pages.Agency - Overlay disappeared.
2024-11-15 14:33:00.506 [main] INFO  base.BaseTest - Waiting for the overlay to end
2024-11-15 14:33:03.862 [main] INFO  pages.Agency - Home button is not clicked. Clicking on Home button.
2024-11-15 14:33:06.963 [main] INFO  pages.Agency - Clicked on Agency button.
2024-11-15 14:33:06.963 [main] INFO  base.BaseTest - Clicked on Agency option.
2024-11-15 14:33:08.396 [main] INFO  base.BaseTest - Clicked on agencies button.
2024-11-15 14:33:08.397 [main] INFO  base.BaseTest - Attempting to send agency code.
2024-11-15 14:33:08.477 [main] INFO  pages.Agency - Waiting for agency code field to be clickable
2024-11-15 14:33:11.066 [main] INFO  pages.Agency - Waiting for search button to be clickable
2024-11-15 14:33:11.159 [main] INFO  base.BaseTest - Clicked on agency code field.
2024-11-15 14:33:13.776 [main] INFO  base.BaseTest - Clicked on new booking button.
2024-11-15 14:33:13.792 [main] INFO  pages.NewBooking - Clicking on New Booking.
-------------------------------------------------
Log End: 2024-11-15T14:33:16.956740500
-------------------------------------------------

