2024-11-14 21:37:41.837 [main] INFO  base.BaseTest - Attempting to log in with provided credentials.
2024-11-14 21:37:41.841 [main] INFO  pages.LoginPage - Waiting for username field to be visible
2024-11-14 21:38:29.346 [main] INFO  pages.LoginPage - Username field is now visible
2024-11-14 21:38:29.481 [main] INFO  pages.LoginPage - Username inserted successfully
2024-11-14 21:38:29.553 [main] INFO  pages.LoginPage - Password inserted successfully
2024-11-14 21:38:40.331 [main] INFO  pages.LoginPage - Login button clicked
2024-11-14 21:38:40.714 [main] INFO  pages.LoginPage - Signed in successfully, redirected to dashboard.
2024-11-14 21:38:40.714 [main] INFO  base.BaseTest - Login successful.
2024-11-14 21:38:44.739 [main] INFO  pages.MenuIcon - Waiting for menu icon to appear
2024-11-14 21:38:44.842 [main] INFO  pages.MenuIcon - Menu icon clicked
2024-11-14 21:38:44.843 [main] INFO  base.BaseTest - Clicked on menu icon.
2024-11-14 21:38:48.945 [main] INFO  pages.CentralSetUp - CRS RCY menu clicked
2024-11-14 21:38:51.438 [main] INFO  pages.CentralSetUp - Switched to new tab. The title of the new tab is: CruisePAL CRS
2024-11-14 21:38:51.438 [main] INFO  base.BaseTest - Clicked on 'CRS RCY' to open a new tab.
2024-11-14 21:38:51.438 [main] INFO  base.BaseTest - Switched to the new tab successfully.
2024-11-14 21:38:51.937 [main] INFO  pages.Agency - Overlay disappeared.
2024-11-14 21:38:51.937 [main] INFO  base.BaseTest - Waiting for the overlay to end
2024-11-14 21:38:51.962 [main] INFO  base.BaseTest - Clicked on Agency option.
2024-11-14 21:38:54.542 [main] INFO  base.BaseTest - Clicked on agencies button.
2024-11-14 21:38:54.542 [main] INFO  base.BaseTest - Attempting to send agency code.
2024-11-14 21:38:54.586 [main] INFO  pages.Agency - Waiting for agency code field to be clickable
2024-11-14 21:38:54.931 [main] INFO  pages.Agency - Waiting for search button to be clickable
2024-11-14 21:38:56.461 [main] INFO  base.BaseTest - Clicked on search agency field.
-------------------------------------------------
Name: supportuser2
Log Start: 2024-11-14T21:51:17.263086200
Java Version: 23.0.1
Operating System: Windows 11
System Name: DESKTOP-KR6B0UD
-------------------------------------------------

2024-11-14 21:51:19.851 [main] INFO  base.BaseTest - Attempting to log in with provided credentials.
2024-11-14 21:51:19.853 [main] INFO  pages.LoginPage - Waiting for username field to be visible
2024-11-14 21:51:24.913 [main] INFO  pages.LoginPage - Username field is now visible
2024-11-14 21:51:25.008 [main] INFO  pages.LoginPage - Username inserted successfully
2024-11-14 21:51:25.075 [main] INFO  pages.LoginPage - Password inserted successfully
2024-11-14 21:51:25.506 [main] INFO  pages.LoginPage - Login button clicked
2024-11-14 21:51:32.176 [main] INFO  pages.LoginPage - Signed in successfully, redirected to dashboard.
2024-11-14 21:51:32.176 [main] INFO  base.BaseTest - Login successful.
2024-11-14 21:51:36.199 [main] INFO  pages.MenuIcon - Waiting for menu icon to appear
2024-11-14 21:51:36.310 [main] INFO  pages.MenuIcon - Menu icon clicked
2024-11-14 21:51:36.310 [main] INFO  base.BaseTest - Clicked on menu icon.
2024-11-14 21:51:40.409 [main] INFO  pages.CentralSetUp - CRS RCY menu clicked
2024-11-14 21:51:50.969 [main] INFO  pages.CentralSetUp - Switched to new tab. The title of the new tab is: CruisePAL CRS
2024-11-14 21:51:50.969 [main] INFO  base.BaseTest - Clicked on 'CRS RCY' to open a new tab.
2024-11-14 21:51:50.969 [main] INFO  base.BaseTest - Switched to the new tab successfully.
2024-11-14 21:51:51.651 [main] INFO  pages.Agency - Overlay disappeared.
2024-11-14 21:51:51.651 [main] INFO  base.BaseTest - Waiting for the overlay to end
2024-11-14 21:51:54.842 [main] INFO  pages.Agency - Home button is not clicked. Clicking on Home button.
2024-11-14 21:51:58.633 [main] INFO  pages.Agency - Clicked on Agency button.
2024-11-14 21:51:58.633 [main] INFO  base.BaseTest - Clicked on Agency option.
2024-11-14 21:51:59.729 [main] INFO  base.BaseTest - Clicked on agencies button.
2024-11-14 21:51:59.729 [main] INFO  base.BaseTest - Attempting to send agency code.
2024-11-14 21:51:59.758 [main] INFO  pages.Agency - Waiting for agency code field to be clickable
2024-11-14 21:52:00.131 [main] INFO  pages.Agency - Waiting for search button to be clickable
2024-11-14 21:52:00.526 [main] INFO  base.BaseTest - Clicked on agency code field.
-------------------------------------------------
Name: supportuser2
Log Start: 2024-11-14T22:32:21.970543700
Java Version: 23.0.1
Operating System: Windows 11
System Name: DESKTOP-KR6B0UD
-------------------------------------------------

2024-11-14 22:32:24.488 [main] INFO  base.BaseTest - Attempting to log in with provided credentials.
2024-11-14 22:32:24.491 [main] INFO  pages.LoginPage - Waiting for username field to be visible
2024-11-14 22:32:31.693 [main] INFO  pages.LoginPage - Username field is now visible
2024-11-14 22:32:31.817 [main] INFO  pages.LoginPage - Username inserted successfully
2024-11-14 22:32:31.882 [main] INFO  pages.LoginPage - Password inserted successfully
2024-11-14 22:32:32.389 [main] INFO  pages.LoginPage - Login button clicked
2024-11-14 22:32:38.150 [main] INFO  pages.LoginPage - Signed in successfully, redirected to dashboard.
2024-11-14 22:32:38.150 [main] INFO  base.BaseTest - Login successful.
2024-11-14 22:32:42.175 [main] INFO  pages.MenuIcon - Waiting for menu icon to appear
2024-11-14 22:32:42.266 [main] INFO  pages.MenuIcon - Menu icon clicked
2024-11-14 22:32:42.266 [main] INFO  base.BaseTest - Clicked on menu icon.
2024-11-14 22:32:46.374 [main] INFO  pages.CentralSetUp - CRS RCY menu clicked
2024-11-14 22:33:02.712 [main] INFO  pages.CentralSetUp - Switched to new tab. The title of the new tab is: CruisePAL CRS
2024-11-14 22:33:02.712 [main] INFO  base.BaseTest - Clicked on 'CRS RCY' to open a new tab.
2024-11-14 22:33:02.712 [main] INFO  base.BaseTest - Switched to the new tab successfully.
2024-11-14 22:33:03.908 [main] INFO  pages.Agency - Overlay disappeared.
2024-11-14 22:33:03.916 [main] INFO  base.BaseTest - Waiting for the overlay to end
2024-11-14 22:33:05.579 [main] INFO  pages.Agency - Home button is not clicked. Clicking on Home button.
2024-11-14 22:33:06.647 [main] INFO  base.BaseTest - Clicked on Agency option.
2024-11-14 22:33:07.732 [main] INFO  base.BaseTest - Clicked on agencies button.
2024-11-14 22:33:07.732 [main] INFO  base.BaseTest - Attempting to send agency code.
2024-11-14 22:33:07.760 [main] INFO  pages.Agency - Waiting for agency code field to be clickable
2024-11-14 22:33:12.228 [main] INFO  pages.Agency - Waiting for search button to be clickable
2024-11-14 22:33:13.291 [main] INFO  base.BaseTest - Clicked on agency code field.
2024-11-14 22:34:13.346 [main] INFO  base.BaseTest - Clicked on new booking button.
2024-11-14 22:34:13.357 [main] INFO  pages.NewBooking - Clicking on New Booking.
-------------------------------------------------
Log End: 2024-11-14T22:35:13.923611900
-------------------------------------------------

-------------------------------------------------
Name: supportuser2
Log Start: 2024-11-14T22:43:17.859274800
Java Version: 23.0.1
Operating System: Windows 11
System Name: DESKTOP-KR6B0UD
-------------------------------------------------

2024-11-14 22:43:19.810 [main] INFO  base.BaseTest - Attempting to log in with provided credentials.
2024-11-14 22:43:19.811 [main] INFO  pages.LoginPage - Waiting for username field to be visible
2024-11-14 22:43:22.555 [main] INFO  pages.LoginPage - Username field is now visible
2024-11-14 22:43:22.654 [main] INFO  pages.LoginPage - Username inserted successfully
2024-11-14 22:43:22.717 [main] INFO  pages.LoginPage - Password inserted successfully
2024-11-14 22:43:26.902 [main] INFO  pages.LoginPage - Login button clicked
2024-11-14 22:43:27.073 [main] INFO  pages.LoginPage - Signed in successfully, redirected to dashboard.
2024-11-14 22:43:27.073 [main] INFO  base.BaseTest - Login successful.
2024-11-14 22:43:27.073 [main] INFO  pages.MenuIcon - Waiting for menu icon to appear
2024-11-14 22:43:27.274 [main] INFO  pages.MenuIcon - Menu icon clicked
2024-11-14 22:43:27.274 [main] INFO  base.BaseTest - Clicked on menu icon.
2024-11-14 22:43:27.915 [main] INFO  pages.CentralSetUp - CRS RCY menu clicked
2024-11-14 22:43:31.161 [main] INFO  pages.CentralSetUp - Switched to new tab. The title of the new tab is: CruisePAL CRS
2024-11-14 22:43:31.161 [main] INFO  base.BaseTest - Switched to CRS RCY tab.
2024-11-14 22:43:31.670 [main] INFO  pages.Agency - Overlay disappeared.
2024-11-14 22:43:34.914 [main] INFO  pages.Agency - Clicking on Home button.
2024-11-14 22:43:37.959 [main] INFO  pages.Agency - Clicked on Agency button.
2024-11-14 22:43:39.621 [main] INFO  pages.Agency - Agency code entered: C0001231Oct244444321
2024-11-14 22:43:39.957 [main] INFO  pages.Agency - Clicked on search button.
2024-11-14 22:43:39.957 [main] INFO  base.BaseTest - Agency code search successful.
2024-11-14 22:43:39.975 [main] INFO  pages.NewBooking - Clicking on New Booking.
-------------------------------------------------
Log End: 2024-11-14T22:44:40.611772900
-------------------------------------------------

-------------------------------------------------
Name: supportuser2
Log Start: 2024-11-15T14:32:28.547702200
Java Version: 23.0.1
Operating System: Windows 11
System Name: DESKTOP-KR6B0UD
-------------------------------------------------

