2024-11-16 22:40:41.974 [main] INFO  base.BaseTest - Attempting to log in with provided credentials.
2024-11-16 22:40:41.982 [main] INFO  pages.LoginPage - Waiting for username field to be visible
2024-11-16 22:41:36.049 [main] INFO  pages.LoginPage - Username field is now visible
2024-11-16 22:41:36.194 [main] INFO  pages.LoginPage - Username inserted successfully
2024-11-16 22:41:36.316 [main] INFO  pages.LoginPage - Password inserted successfully
2024-11-16 22:41:49.152 [main] INFO  pages.LoginPage - Login button clicked
2024-11-16 22:41:49.183 [main] INFO  pages.LoginPage - Signed in successfully, redirected to dashboard.
2024-11-16 22:41:49.183 [main] INFO  base.BaseTest - Login successful.
2024-11-16 22:41:53.200 [main] INFO  pages.MenuIcon - Waiting for menu icon to appear
2024-11-16 22:41:53.311 [main] INFO  pages.MenuIcon - Menu icon clicked
2024-11-16 22:41:53.311 [main] INFO  base.BaseTest - Clicked on menu icon.
2024-11-16 22:41:57.420 [main] INFO  pages.CentralSetUp - CRS RCY menu clicked
2024-11-16 22:42:02.334 [main] INFO  pages.CentralSetUp - Switched to new tab. The title of the new tab is: CruisePAL CRS
2024-11-16 22:42:02.334 [main] INFO  base.BaseTest - Clicked on 'CRS RCY' to open a new tab.
2024-11-16 22:42:02.334 [main] INFO  base.BaseTest - Switched to the new tab successfully.
2024-11-16 22:42:03.042 [main] INFO  pages.Agency - Overlay disappeared.
2024-11-16 22:42:03.042 [main] INFO  base.BaseTest - Waiting for the overlay to end
2024-11-16 22:42:04.625 [main] INFO  pages.Agency - Home button is not clicked. Clicking on Home button.
-------------------------------------------------
Log End: 2024-11-16T22:42:06.551434200
-------------------------------------------------

-------------------------------------------------
Name: supportuser2
Log Start: 2024-11-18T10:37:49.679434200
Java Version: 23.0.1
Operating System: Windows 11
System Name: DESKTOP-KR6B0UD
-------------------------------------------------

